2021-01-28 18:49:05.5547||0|PlugAndPlay.WebApi.Program|DEBUG|init main | 
2021-01-28 18:49:10.4021||0|Microsoft.AspNetCore.Server.Kestrel|WARN|Overriding address(es) 'https://localhost:5001, http://localhost:5000'. Binding to endpoints defined in UseKestrel() instead. | 
2021-01-28 18:49:25.4545||0|Microsoft.Hosting.Lifetime|INFO|Now listening on: http://0.0.0.0:4800 | 
2021-01-28 18:49:25.4713||0|Microsoft.Hosting.Lifetime|INFO|Now listening on: https://[::]:4900 | 
2021-01-28 18:49:25.4941||0|Microsoft.Hosting.Lifetime|INFO|Application started. Press Ctrl+C to shut down. | 
2021-01-28 18:49:25.5105||0|Microsoft.Hosting.Lifetime|INFO|Hosting environment: Development | 
2021-01-28 18:49:25.5295||0|Microsoft.Hosting.Lifetime|INFO|Content root path: C:\development\Generator\GenByUML\bin\Debug\netcoreapp3.1\backend\PlugAndPlay.WebApi | 
2021-01-28 18:51:58.5743||0|PlugAndPlay.WebApi.Program|DEBUG|init main | 
2021-01-28 18:52:01.1394||0|Microsoft.AspNetCore.Server.Kestrel|WARN|Overriding address(es) 'https://localhost:5001, http://localhost:5000'. Binding to endpoints defined in UseKestrel() instead. | 
2021-01-28 18:52:16.0613||0|Microsoft.Hosting.Lifetime|INFO|Now listening on: http://0.0.0.0:4800 | 
2021-01-28 18:52:16.0864||0|Microsoft.Hosting.Lifetime|INFO|Now listening on: https://[::]:4900 | 
2021-01-28 18:52:16.1012||0|Microsoft.Hosting.Lifetime|INFO|Application started. Press Ctrl+C to shut down. | 
2021-01-28 18:52:16.1151||0|Microsoft.Hosting.Lifetime|INFO|Hosting environment: Development | 
2021-01-28 18:52:16.1291||0|Microsoft.Hosting.Lifetime|INFO|Content root path: C:\development\Generator\GenByUML\bin\Debug\netcoreapp3.1\backend\PlugAndPlay.WebApi | 
2021-01-28 21:06:54.2970||0|PlugAndPlay.WebApi.Program|DEBUG|init main | 
2021-01-28 21:06:55.0482||0|Microsoft.Hosting.Lifetime|INFO|Now listening on: http://0.0.0.0:4300 | 
2021-01-28 21:06:55.0708||0|Microsoft.Hosting.Lifetime|INFO|Now listening on: https://[::]:4400 | 
2021-01-28 21:06:55.0824||0|Microsoft.Hosting.Lifetime|INFO|Application started. Press Ctrl+C to shut down. | 
2021-01-28 21:06:55.0824||0|Microsoft.Hosting.Lifetime|INFO|Hosting environment: Production | 
2021-01-28 21:06:55.1036||0|Microsoft.Hosting.Lifetime|INFO|Content root path: C:\development\plugandplay-backend\PlugAndPlay.WebApi\bin\Debug\netcoreapp3.1 | 
2021-01-28 21:08:27.5484||0|PlugAndPlay.WebApi.Program|DEBUG|init main | 
2021-01-28 21:08:28.3474||0|Microsoft.Hosting.Lifetime|INFO|Now listening on: http://0.0.0.0:4300 | 
2021-01-28 21:08:28.3690||0|Microsoft.Hosting.Lifetime|INFO|Now listening on: https://[::]:4400 | 
2021-01-28 21:08:28.3807||0|Microsoft.Hosting.Lifetime|INFO|Application started. Press Ctrl+C to shut down. | 
2021-01-28 21:08:28.3934||0|Microsoft.Hosting.Lifetime|INFO|Hosting environment: Production | 
2021-01-28 21:08:28.3934||0|Microsoft.Hosting.Lifetime|INFO|Content root path: C:\development\plugandplay-backend\PlugAndPlay.WebApi\bin\Debug\netcoreapp3.1 | 
2021-01-28 21:09:57.0835||0|PlugAndPlay.WebApi.Program|DEBUG|init main | 
2021-01-28 21:09:57.8498||0|Microsoft.Hosting.Lifetime|INFO|Now listening on: http://0.0.0.0:4300 | 
2021-01-28 21:09:57.8741||0|Microsoft.Hosting.Lifetime|INFO|Now listening on: https://0.0.0.0:4400 | 
2021-01-28 21:09:57.8868||0|Microsoft.Hosting.Lifetime|INFO|Application started. Press Ctrl+C to shut down. | 
2021-01-28 21:09:57.8997||0|Microsoft.Hosting.Lifetime|INFO|Hosting environment: Production | 
2021-01-28 21:09:57.9124||0|Microsoft.Hosting.Lifetime|INFO|Content root path: C:\development\plugandplay-backend\PlugAndPlay.WebApi\bin\Debug\netcoreapp3.1 | 
2021-01-28 21:17:37.1662||0|PlugAndPlay.WebApi.Program|DEBUG|init main | 
2021-01-28 21:17:37.9326||0|Microsoft.Hosting.Lifetime|INFO|Now listening on: http://0.0.0.0:4300 | 
2021-01-28 21:17:37.9574||0|Microsoft.Hosting.Lifetime|INFO|Now listening on: https://0.0.0.0:4400 | 
2021-01-28 21:17:37.9716||0|Microsoft.Hosting.Lifetime|INFO|Application started. Press Ctrl+C to shut down. | 
2021-01-28 21:17:37.9716||0|Microsoft.Hosting.Lifetime|INFO|Hosting environment: Production | 
2021-01-28 21:17:37.9946||0|Microsoft.Hosting.Lifetime|INFO|Content root path: C:\development\plugandplay-backend\PlugAndPlay.WebApi\bin\Debug\netcoreapp3.1 | 
2021-01-28 21:24:06.3193||0|PlugAndPlay.WebApi.Program|DEBUG|init main | 
2021-01-28 21:24:07.4281||0|Microsoft.Hosting.Lifetime|INFO|Now listening on: http://0.0.0.0:4300 | 
2021-01-28 21:24:07.4546||0|Microsoft.Hosting.Lifetime|INFO|Now listening on: https://0.0.0.0:4400 | 
2021-01-28 21:24:07.4679||0|Microsoft.Hosting.Lifetime|INFO|Application started. Press Ctrl+C to shut down. | 
2021-01-28 21:24:07.4828||0|Microsoft.Hosting.Lifetime|INFO|Hosting environment: Production | 
2021-01-28 21:24:07.4979||0|Microsoft.Hosting.Lifetime|INFO|Content root path: C:\development\plugandplay-backend\PlugAndPlay.WebApi\bin\Debug\netcoreapp3.1 | 
2021-01-28 23:23:39.1231|0HM63PAMG8KUJ:0000001D|30000|Microsoft.EntityFrameworkCore.Model.Validation|WARN|No type was specified for the decimal column 'duguje' on entity type 'Partner'. This will cause values to be silently truncated if they do not fit in the default precision and scale. Explicitly specify the SQL server column type that can accommodate all the values using 'HasColumnType()'. |GET 
2021-01-28 23:23:54.4919|0HM63PAMG8KUJ:0000001D|30000|Microsoft.EntityFrameworkCore.Model.Validation|WARN|No type was specified for the decimal column 'limit' on entity type 'Partner'. This will cause values to be silently truncated if they do not fit in the default precision and scale. Explicitly specify the SQL server column type that can accommodate all the values using 'HasColumnType()'. |GET 
2021-01-28 23:23:54.5304|0HM63PAMG8KUJ:0000001D|30000|Microsoft.EntityFrameworkCore.Model.Validation|WARN|No type was specified for the decimal column 'naplaceno' on entity type 'Partner'. This will cause values to be silently truncated if they do not fit in the default precision and scale. Explicitly specify the SQL server column type that can accommodate all the values using 'HasColumnType()'. |GET 
2021-01-28 23:23:54.5603|0HM63PAMG8KUJ:0000001D|30000|Microsoft.EntityFrameworkCore.Model.Validation|WARN|No type was specified for the decimal column 'realizirano' on entity type 'Partner'. This will cause values to be silently truncated if they do not fit in the default precision and scale. Explicitly specify the SQL server column type that can accommodate all the values using 'HasColumnType()'. |GET 
2021-01-28 23:23:54.5896|0HM63PAMG8KUJ:0000001D|30000|Microsoft.EntityFrameworkCore.Model.Validation|WARN|No type was specified for the decimal column 'ukupno' on entity type 'Ponuda'. This will cause values to be silently truncated if they do not fit in the default precision and scale. Explicitly specify the SQL server column type that can accommodate all the values using 'HasColumnType()'. |GET 
2021-01-28 23:23:54.6173|0HM63PAMG8KUJ:0000001D|30000|Microsoft.EntityFrameworkCore.Model.Validation|WARN|No type was specified for the decimal column 'zaPlatiti' on entity type 'Ponuda'. This will cause values to be silently truncated if they do not fit in the default precision and scale. Explicitly specify the SQL server column type that can accommodate all the values using 'HasColumnType()'. |GET 
2021-01-28 23:23:54.6479|0HM63PAMG8KUJ:0000001D|30000|Microsoft.EntityFrameworkCore.Model.Validation|WARN|No type was specified for the decimal column 'cijena' on entity type 'StavkaPonude'. This will cause values to be silently truncated if they do not fit in the default precision and scale. Explicitly specify the SQL server column type that can accommodate all the values using 'HasColumnType()'. |GET 
2021-01-28 23:23:54.6800|0HM63PAMG8KUJ:0000001D|30000|Microsoft.EntityFrameworkCore.Model.Validation|WARN|No type was specified for the decimal column 'iznos' on entity type 'StavkaPonude'. This will cause values to be silently truncated if they do not fit in the default precision and scale. Explicitly specify the SQL server column type that can accommodate all the values using 'HasColumnType()'. |GET 
2021-01-28 23:23:54.7060|0HM63PAMG8KUJ:0000001D|30000|Microsoft.EntityFrameworkCore.Model.Validation|WARN|No type was specified for the decimal column 'jediničnaCijena' on entity type 'StavkaPonude'. This will cause values to be silently truncated if they do not fit in the default precision and scale. Explicitly specify the SQL server column type that can accommodate all the values using 'HasColumnType()'. |GET 
2021-01-28 23:23:54.7347|0HM63PAMG8KUJ:0000001D|30000|Microsoft.EntityFrameworkCore.Model.Validation|WARN|No type was specified for the decimal column 'količina' on entity type 'StavkaPonude'. This will cause values to be silently truncated if they do not fit in the default precision and scale. Explicitly specify the SQL server column type that can accommodate all the values using 'HasColumnType()'. |GET 
2021-01-28 23:23:54.7685|0HM63PAMG8KUJ:0000001D|30000|Microsoft.EntityFrameworkCore.Model.Validation|WARN|No type was specified for the decimal column 'popust' on entity type 'StavkaPonude'. This will cause values to be silently truncated if they do not fit in the default precision and scale. Explicitly specify the SQL server column type that can accommodate all the values using 'HasColumnType()'. |GET 
2021-01-28 23:23:54.7942|0HM63PAMG8KUJ:0000001D|30000|Microsoft.EntityFrameworkCore.Model.Validation|WARN|No type was specified for the decimal column 'ageIznos' on entity type 'StavkaPopust'. This will cause values to be silently truncated if they do not fit in the default precision and scale. Explicitly specify the SQL server column type that can accommodate all the values using 'HasColumnType()'. |GET 
2021-01-28 23:23:54.8222|0HM63PAMG8KUJ:0000001D|30000|Microsoft.EntityFrameworkCore.Model.Validation|WARN|No type was specified for the decimal column 'agePopust' on entity type 'StavkaPopust'. This will cause values to be silently truncated if they do not fit in the default precision and scale. Explicitly specify the SQL server column type that can accommodate all the values using 'HasColumnType()'. |GET 
2021-01-28 23:23:54.8522|0HM63PAMG8KUJ:0000001D|30000|Microsoft.EntityFrameworkCore.Model.Validation|WARN|No type was specified for the decimal column 'avansIznos' on entity type 'StavkaPopust'. This will cause values to be silently truncated if they do not fit in the default precision and scale. Explicitly specify the SQL server column type that can accommodate all the values using 'HasColumnType()'. |GET 
2021-01-28 23:23:54.8817|0HM63PAMG8KUJ:0000001D|30000|Microsoft.EntityFrameworkCore.Model.Validation|WARN|No type was specified for the decimal column 'avansPopust' on entity type 'StavkaPopust'. This will cause values to be silently truncated if they do not fit in the default precision and scale. Explicitly specify the SQL server column type that can accommodate all the values using 'HasColumnType()'. |GET 
2021-01-28 23:23:54.8938|0HM63PAMG8KUJ:0000001D|30000|Microsoft.EntityFrameworkCore.Model.Validation|WARN|No type was specified for the decimal column 'agePopust' on entity type 'Ugovor'. This will cause values to be silently truncated if they do not fit in the default precision and scale. Explicitly specify the SQL server column type that can accommodate all the values using 'HasColumnType()'. |GET 
2021-01-28 23:23:54.9346|0HM63PAMG8KUJ:0000001D|30000|Microsoft.EntityFrameworkCore.Model.Validation|WARN|No type was specified for the decimal column 'avansKoličina' on entity type 'Ugovor'. This will cause values to be silently truncated if they do not fit in the default precision and scale. Explicitly specify the SQL server column type that can accommodate all the values using 'HasColumnType()'. |GET 
2021-01-28 23:23:54.9634|0HM63PAMG8KUJ:0000001D|30000|Microsoft.EntityFrameworkCore.Model.Validation|WARN|No type was specified for the decimal column 'commit' on entity type 'Ugovor'. This will cause values to be silently truncated if they do not fit in the default precision and scale. Explicitly specify the SQL server column type that can accommodate all the values using 'HasColumnType()'. |GET 
2021-01-28 23:23:54.9910|0HM63PAMG8KUJ:0000001D|30000|Microsoft.EntityFrameworkCore.Model.Validation|WARN|No type was specified for the decimal column 'naplaćeno' on entity type 'Ugovor'. This will cause values to be silently truncated if they do not fit in the default precision and scale. Explicitly specify the SQL server column type that can accommodate all the values using 'HasColumnType()'. |GET 
2021-01-28 23:23:55.0239|0HM63PAMG8KUJ:0000001D|30000|Microsoft.EntityFrameworkCore.Model.Validation|WARN|No type was specified for the decimal column 'realizirano' on entity type 'Ugovor'. This will cause values to be silently truncated if they do not fit in the default precision and scale. Explicitly specify the SQL server column type that can accommodate all the values using 'HasColumnType()'. |GET 
2021-01-28 23:23:55.0595|0HM63PAMG8KUJ:0000001D|30000|Microsoft.EntityFrameworkCore.Model.Validation|WARN|No type was specified for the decimal column 'ugovorFlatPopust' on entity type 'Ugovor'. This will cause values to be silently truncated if they do not fit in the default precision and scale. Explicitly specify the SQL server column type that can accommodate all the values using 'HasColumnType()'. |GET 
2021-01-28 23:23:55.0847|0HM63PAMG8KUJ:0000001D|30000|Microsoft.EntityFrameworkCore.Model.Validation|WARN|No type was specified for the decimal column 'ugovorKoličinaPopust' on entity type 'Ugovor'. This will cause values to be silently truncated if they do not fit in the default precision and scale. Explicitly specify the SQL server column type that can accommodate all the values using 'HasColumnType()'. |GET 
2021-01-28 23:26:13.7007|0HM63PAMG8KUJ:00000021|1|Microsoft.AspNetCore.Diagnostics.DeveloperExceptionPageMiddleware|ERROR|An unhandled exception has occurred while executing the request. Handler was not found for request of type MediatR.IRequestHandler`2[PlugAndPlay.Contracting.Queries.GetAllQuery`1[PlugAndPlay.Contracting.Security.UserDto],System.Collections.Generic.List`1[PlugAndPlay.Contracting.Security.UserDto]]. Register your handlers with the container. See the samples in GitHub for examples.|GET 
