2021-01-31 08:16:33.6335|0|PlugAndPlay.WebApi.Program|DEBUG|  init main |url: ?|action: | 
2021-01-31 08:20:01.6065|0|PlugAndPlay.WebApi.Program|DEBUG|  init main |url: ?|action: | 
2021-01-31 08:20:16.3539|0|PlugAndPlay.Dal.QueryHandlers.KontaktQueryHandler|WARN|  Cannot convert value new for field a => Convert(a.PartnerId, Object) to Nullable`1 in Kontakt |url: https://matrica.hr/Kontakt?filter=partnerId(=)new|action: GetAll|GET 
2021-01-31 08:21:35.7213|0|PlugAndPlay.Dal.QueryHandlers.KontaktQueryHandler|WARN|  Cannot convert value new for field a => Convert(a.PartnerId, Object) to Nullable`1 in Kontakt |url: https://matrica.hr/Kontakt?filter=partnerId(=)new|action: GetAll|GET 
2021-01-31 08:39:20.4719|0|PlugAndPlay.WebApi.Program|DEBUG|  init main |url: ?|action: | 
2021-01-31 08:39:33.7896|0|PlugAndPlay.Dal.QueryHandlers.KontaktQueryHandler|WARN|  Cannot convert value new for field a => Convert(a.PartnerId, Object) to Nullable`1 in Kontakt |url: https://matrica.hr/Kontakt?filter=partnerId(=)new|action: GetAll|GET 
2021-01-31 08:49:21.1779|0|PlugAndPlay.WebApi.Program|DEBUG|  init main |url: ?|action: | 
2021-01-31 08:49:36.8670|0|PlugAndPlay.Dal.QueryHandlers.KontaktQueryHandler|WARN|  Cannot convert value 11 for field a => Convert(a.PartnerId, Object) to Nullable`1 in Kontakt |url: https://matrica.hr/Kontakt?filter=partnerId(=)11|action: GetAll|GET 
2021-01-31 08:52:58.3634|0|PlugAndPlay.WebApi.Program|DEBUG|  init main |url: ?|action: | 
2021-01-31 08:53:19.2040|0|PlugAndPlay.Dal.QueryHandlers.KontaktQueryHandler|WARN|  Cannot convert value 11 for field a => Convert(a.PartnerId, Object) to Nullable`1 in Kontakt |url: https://matrica.hr/Kontakt?filter=partnerId(=)11|action: GetAll|GET 
2021-01-31 08:54:05.5457|0|PlugAndPlay.Dal.QueryHandlers.KontaktQueryHandler|WARN|  Cannot convert value 11 for field a => Convert(a.PartnerId, Object) to Nullable`1 in Kontakt |url: https://matrica.hr/Kontakt?filter=partnerId(=)11|action: GetAll|GET 
2021-01-31 08:54:41.5213|0|PlugAndPlay.Dal.QueryHandlers.KontaktQueryHandler|WARN|  Cannot convert value 11 for field a => Convert(a.PartnerId, Object) to Nullable`1 in Kontakt |url: https://matrica.hr/Kontakt?filter=partnerId(=)11|action: GetAll|GET 
2021-01-31 08:55:01.7250|0|PlugAndPlay.Dal.QueryHandlers.KontaktQueryHandler|WARN|  Cannot convert value new for field a => Convert(a.PartnerId, Object) to Nullable`1 in Kontakt |url: https://matrica.hr/Kontakt?filter=partnerId(=)new|action: GetAll|GET 
2021-01-31 08:58:55.1198|0|PlugAndPlay.WebApi.Program|DEBUG|  init main |url: ?|action: | 
2021-01-31 09:21:51.4558|0|PlugAndPlay.Dal.QueryHandlers.KontaktQueryHandler|WARN|  Cannot convert value new for field a => Convert(a.KlijentId, Object) to Nullable`1 in Kontakt |url: https://matrica.hr/Kontakt?filter=klijentId(=)new|action: GetAll|GET 
2021-01-31 09:22:17.9370|0|PlugAndPlay.Dal.QueryHandlers.KontaktQueryHandler|WARN|  Cannot convert value 2 for field a => Convert(a.KlijentId, Object) to Nullable`1 in Kontakt |url: https://matrica.hr/Kontakt?filter=klijentId(=)2|action: GetAll|GET 
2021-01-31 09:22:32.5979|0|PlugAndPlay.Dal.QueryHandlers.KontaktQueryHandler|WARN|  Cannot convert value 2 for field a => Convert(a.KlijentId, Object) to Nullable`1 in Kontakt |url: https://matrica.hr/Kontakt?filter=klijentId(=)2|action: GetAll|GET 
2021-01-31 12:30:43.1738|0|PlugAndPlay.WebApi.Program|DEBUG|  init main |url: ?|action: | 
2021-01-31 12:33:11.1525|0|PlugAndPlay.Dal.QueryHandlers.KontaktQueryHandler|WARN|  Cannot convert value 11 for field a => Convert(a.PartnerId, Object) to Nullable`1 in Kontakt |url: https://matrica.hr/Kontakt?filter=partnerId(=)11|action: GetAll|GET 
2021-01-31 12:33:36.2805|0|PlugAndPlay.Dal.QueryHandlers.KontaktQueryHandler|WARN|  Cannot convert value 11 for field a => Convert(a.PartnerId, Object) to Nullable`1 in Kontakt |url: https://matrica.hr/Kontakt?filter=partnerId(=)11|action: GetAll|GET 
2021-01-31 12:34:00.7850|0|PlugAndPlay.Dal.QueryHandlers.KontaktQueryHandler|WARN|  Cannot convert value 2 for field a => Convert(a.KlijentId, Object) to Nullable`1 in Kontakt |url: https://matrica.hr/Kontakt?filter=klijentId(=)2|action: GetAll|GET 
2021-01-31 12:34:00.8942|0|PlugAndPlay.Dal.QueryHandlers.KontaktQueryHandler|WARN|  Cannot convert value 2 for field a => Convert(a.KlijentId, Object) to Nullable`1 in Kontakt |url: https://matrica.hr/Kontakt?filter=klijentId(=)2|action: GetAll|GET 
2021-01-31 12:34:10.8596|0|PlugAndPlay.Dal.QueryHandlers.KontaktQueryHandler|WARN|  Cannot convert value 11 for field a => Convert(a.PartnerId, Object) to Nullable`1 in Kontakt |url: https://matrica.hr/Kontakt?filter=partnerId(=)11|action: GetAll|GET 
2021-01-31 12:34:26.4393|0|PlugAndPlay.Dal.QueryHandlers.KontaktQueryHandler|WARN|  Cannot convert value 11 for field a => Convert(a.PartnerId, Object) to Nullable`1 in Kontakt |url: https://matrica.hr/Kontakt?filter=partnerId(=)11|action: GetAll|GET 
2021-01-31 12:34:40.5075|0|PlugAndPlay.Dal.QueryHandlers.KontaktQueryHandler|WARN|  Cannot convert value 11 for field a => Convert(a.PartnerId, Object) to Nullable`1 in Kontakt |url: https://matrica.hr/Kontakt?filter=partnerId(=)11|action: GetAll|GET 
2021-01-31 12:37:32.8149|0|PlugAndPlay.WebApi.Program|DEBUG|  init main |url: ?|action: | 
2021-01-31 12:37:42.5017|0|PlugAndPlay.Dal.QueryHandlers.KontaktQueryHandler|WARN|  Cannot convert value 11 for field a => Convert(a.PartnerId, Object) to Nullable`1 in Kontakt |url: https://matrica.hr/Kontakt?filter=partnerId(=)11|action: GetAll|GET 
2021-01-31 12:37:47.2365|0|PlugAndPlay.Dal.QueryHandlers.KontaktQueryHandler|WARN|  Cannot convert value 11 for field a => Convert(a.PartnerId, Object) to Nullable`1 in Kontakt |url: https://matrica.hr/Kontakt?filter=partnerId(=)11|action: GetAll|GET 
2021-01-31 12:37:51.2629|0|PlugAndPlay.Dal.QueryHandlers.KontaktQueryHandler|WARN|  Cannot convert value 11 for field a => Convert(a.PartnerId, Object) to Nullable`1 in Kontakt |url: https://matrica.hr/Kontakt?filter=partnerId(=)11|action: GetAll|GET 
2021-01-31 12:37:54.9707|0|PlugAndPlay.Dal.QueryHandlers.KontaktQueryHandler|WARN|  Cannot convert value 11 for field a => Convert(a.PartnerId, Object) to Nullable`1 in Kontakt |url: https://matrica.hr/Kontakt?filter=partnerId(=)11|action: GetAll|GET 
2021-01-31 12:38:00.2807|0|PlugAndPlay.Dal.QueryHandlers.KontaktQueryHandler|WARN|  Cannot convert value 2 for field a => Convert(a.KlijentId, Object) to Nullable`1 in Kontakt |url: https://matrica.hr/Kontakt?filter=klijentId(=)2|action: GetAll|GET 
2021-01-31 12:38:00.4240|0|PlugAndPlay.Dal.QueryHandlers.KontaktQueryHandler|WARN|  Cannot convert value 2 for field a => Convert(a.KlijentId, Object) to Nullable`1 in Kontakt |url: https://matrica.hr/Kontakt?filter=klijentId(=)2|action: GetAll|GET 
2021-01-31 12:38:03.4747|0|PlugAndPlay.Dal.QueryHandlers.KontaktQueryHandler|WARN|  Cannot convert value 2 for field a => Convert(a.KlijentId, Object) to Nullable`1 in Kontakt |url: https://matrica.hr/Kontakt?filter=klijentId(=)2|action: GetAll|GET 
2021-01-31 12:38:03.5471|0|PlugAndPlay.Dal.QueryHandlers.KontaktQueryHandler|WARN|  Cannot convert value 2 for field a => Convert(a.KlijentId, Object) to Nullable`1 in Kontakt |url: https://matrica.hr/Kontakt?filter=klijentId(=)2|action: GetAll|GET 
2021-01-31 12:38:06.3238|0|PlugAndPlay.Dal.QueryHandlers.KontaktQueryHandler|WARN|  Cannot convert value 2 for field a => Convert(a.KlijentId, Object) to Nullable`1 in Kontakt |url: https://matrica.hr/Kontakt?filter=klijentId(=)2|action: GetAll|GET 
2021-01-31 12:38:06.4012|0|PlugAndPlay.Dal.QueryHandlers.KontaktQueryHandler|WARN|  Cannot convert value 2 for field a => Convert(a.KlijentId, Object) to Nullable`1 in Kontakt |url: https://matrica.hr/Kontakt?filter=klijentId(=)2|action: GetAll|GET 
2021-01-31 12:38:09.4755|0|PlugAndPlay.Dal.QueryHandlers.KontaktQueryHandler|WARN|  Cannot convert value 2 for field a => Convert(a.KlijentId, Object) to Nullable`1 in Kontakt |url: https://matrica.hr/Kontakt?filter=klijentId(=)2|action: GetAll|GET 
2021-01-31 12:38:09.5692|0|PlugAndPlay.Dal.QueryHandlers.KontaktQueryHandler|WARN|  Cannot convert value 2 for field a => Convert(a.KlijentId, Object) to Nullable`1 in Kontakt |url: https://matrica.hr/Kontakt?filter=klijentId(=)2|action: GetAll|GET 
2021-01-31 12:38:12.3552|0|PlugAndPlay.Dal.QueryHandlers.KontaktQueryHandler|WARN|  Cannot convert value 2 for field a => Convert(a.KlijentId, Object) to Nullable`1 in Kontakt |url: https://matrica.hr/Kontakt?filter=klijentId(=)2|action: GetAll|GET 
2021-01-31 12:38:12.4533|0|PlugAndPlay.Dal.QueryHandlers.KontaktQueryHandler|WARN|  Cannot convert value 2 for field a => Convert(a.KlijentId, Object) to Nullable`1 in Kontakt |url: https://matrica.hr/Kontakt?filter=klijentId(=)2|action: GetAll|GET 
2021-01-31 12:38:16.8524|0|PlugAndPlay.Dal.QueryHandlers.KontaktQueryHandler|WARN|  Cannot convert value 11 for field a => Convert(a.PartnerId, Object) to Nullable`1 in Kontakt |url: https://matrica.hr/Kontakt?filter=partnerId(=)11|action: GetAll|GET 
2021-01-31 12:38:27.4505|0|PlugAndPlay.Dal.QueryHandlers.KontaktQueryHandler|WARN|  Cannot convert value 11 for field a => Convert(a.PartnerId, Object) to Nullable`1 in Kontakt |url: https://matrica.hr/Kontakt?filter=partnerId(=)11|action: GetAll|GET 
2021-01-31 12:38:31.8185|0|PlugAndPlay.Dal.QueryHandlers.KontaktQueryHandler|WARN|  Cannot convert value 11 for field a => Convert(a.PartnerId, Object) to Nullable`1 in Kontakt |url: https://matrica.hr/Kontakt?filter=partnerId(=)11|action: GetAll|GET 
2021-01-31 12:38:38.8402|0|PlugAndPlay.Dal.QueryHandlers.KontaktQueryHandler|WARN|  Cannot convert value 11 for field a => Convert(a.PartnerId, Object) to Nullable`1 in Kontakt |url: https://matrica.hr/Kontakt?filter=partnerId(=)11|action: GetAll|GET 
2021-01-31 12:38:42.7089|0|PlugAndPlay.Dal.QueryHandlers.KontaktQueryHandler|WARN|  Cannot convert value 11 for field a => Convert(a.PartnerId, Object) to Nullable`1 in Kontakt |url: https://matrica.hr/Kontakt?filter=partnerId(=)11|action: GetAll|GET 
2021-01-31 12:40:32.2988|0|PlugAndPlay.Dal.QueryHandlers.KontaktQueryHandler|WARN|  Cannot convert value 11 for field a => Convert(a.PartnerId, Object) to Nullable`1 in Kontakt |url: https://matrica.hr/Kontakt?filter=partnerId(=)11|action: GetAll|GET 
2021-01-31 12:41:04.6311|0|PlugAndPlay.Dal.QueryHandlers.KontaktQueryHandler|WARN|  Cannot convert value 11 for field a => Convert(a.PartnerId, Object) to Nullable`1 in Kontakt |url: https://matrica.hr/Kontakt?filter=partnerId(=)11|action: GetAll|GET 
2021-01-31 12:41:12.8145|0|PlugAndPlay.Dal.QueryHandlers.KontaktQueryHandler|WARN|  Cannot convert value 9 for field a => Convert(a.PartnerId, Object) to Nullable`1 in Kontakt |url: https://matrica.hr/Kontakt?filter=partnerId(=)9|action: GetAll|GET 
2021-01-31 12:42:26.7217|0|PlugAndPlay.Dal.QueryHandlers.KontaktQueryHandler|WARN|  Cannot convert value 9 for field a => Convert(a.PartnerId, Object) to Nullable`1 in Kontakt |url: https://matrica.hr/Kontakt?filter=PartnerId(=)9|action: GetAll|GET 
2021-01-31 12:42:31.1928|0|PlugAndPlay.Dal.QueryHandlers.KontaktQueryHandler|WARN|  Cannot convert value 11 for field a => Convert(a.PartnerId, Object) to Nullable`1 in Kontakt |url: https://matrica.hr/Kontakt?filter=PartnerId(=)11|action: GetAll|GET 
2021-01-31 12:43:14.6401|0|PlugAndPlay.Dal.QueryHandlers.KontaktQueryHandler|WARN|  Cannot convert value 11 for field a => Convert(a.PartnerId, Object) to Nullable`1 in Kontakt |url: https://matrica.hr/Kontakt?filter=partnerId(=)11|action: GetAll|GET 
2021-01-31 12:44:18.3156|0|PlugAndPlay.Dal.QueryHandlers.KontaktQueryHandler|WARN|  Cannot convert value 11 for field a => Convert(a.PartnerId, Object) to Nullable`1 in Kontakt |url: https://matrica.hr/Kontakt?filter=partnerId(=)11|action: GetAll|GET 
2021-01-31 12:45:17.9949|0|PlugAndPlay.Dal.QueryHandlers.KontaktQueryHandler|WARN|  Cannot convert value new for field a => Convert(a.KlijentId, Object) to Nullable`1 in Kontakt |url: https://matrica.hr/Kontakt?filter=klijentId(=)new|action: GetAll|GET 
2021-01-31 12:45:21.0741|0|PlugAndPlay.Dal.QueryHandlers.KontaktQueryHandler|WARN|  Cannot convert value 2 for field a => Convert(a.KlijentId, Object) to Nullable`1 in Kontakt |url: https://matrica.hr/Kontakt?filter=klijentId(=)2|action: GetAll|GET 
2021-01-31 12:45:21.4025|0|PlugAndPlay.Dal.QueryHandlers.KontaktQueryHandler|WARN|  Cannot convert value 2 for field a => Convert(a.KlijentId, Object) to Nullable`1 in Kontakt |url: https://matrica.hr/Kontakt?filter=klijentId(=)2|action: GetAll|GET 
2021-01-31 12:45:25.7437|0|PlugAndPlay.Dal.QueryHandlers.KontaktQueryHandler|WARN|  Cannot convert value 2 for field a => Convert(a.KlijentId, Object) to Nullable`1 in Kontakt |url: https://matrica.hr/Kontakt?filter=klijentId(=)2|action: GetAll|GET 
2021-01-31 12:45:25.8780|0|PlugAndPlay.Dal.QueryHandlers.KontaktQueryHandler|WARN|  Cannot convert value 2 for field a => Convert(a.KlijentId, Object) to Nullable`1 in Kontakt |url: https://matrica.hr/Kontakt?filter=klijentId(=)2|action: GetAll|GET 
2021-01-31 12:45:33.0624|0|PlugAndPlay.Dal.QueryHandlers.KontaktQueryHandler|WARN|  Cannot convert value 11 for field a => Convert(a.PartnerId, Object) to Nullable`1 in Kontakt |url: https://matrica.hr/Kontakt?filter=partnerId(=)11|action: GetAll|GET 
2021-01-31 12:45:44.6301|0|PlugAndPlay.Dal.QueryHandlers.KontaktQueryHandler|WARN|  Cannot convert value 2 for field a => Convert(a.KlijentId, Object) to Nullable`1 in Kontakt |url: https://matrica.hr/Kontakt?filter=klijentId(=)2|action: GetAll|GET 
2021-01-31 12:45:44.7079|0|PlugAndPlay.Dal.QueryHandlers.KontaktQueryHandler|WARN|  Cannot convert value 2 for field a => Convert(a.KlijentId, Object) to Nullable`1 in Kontakt |url: https://matrica.hr/Kontakt?filter=klijentId(=)2|action: GetAll|GET 
2021-01-31 12:46:03.4450|0|PlugAndPlay.Dal.QueryHandlers.KontaktQueryHandler|WARN|  Cannot convert value 11 for field a => Convert(a.PartnerId, Object) to Nullable`1 in Kontakt |url: https://matrica.hr/Kontakt?filter=partnerId(=)11|action: GetAll|GET 
2021-01-31 12:46:08.0602|0|PlugAndPlay.Dal.QueryHandlers.KontaktQueryHandler|WARN|  Cannot convert value 11 for field a => Convert(a.PartnerId, Object) to Nullable`1 in Kontakt |url: https://matrica.hr/Kontakt?filter=partnerId(=)11|action: GetAll|GET 
2021-01-31 12:46:16.1353|0|PlugAndPlay.Dal.QueryHandlers.KontaktQueryHandler|WARN|  Cannot convert value 11 for field a => Convert(a.PartnerId, Object) to Nullable`1 in Kontakt |url: https://matrica.hr/Kontakt?filter=partnerId(=)11|action: GetAll|GET 
2021-01-31 12:47:30.4544|0|PlugAndPlay.Dal.QueryHandlers.KontaktQueryHandler|WARN|  Cannot convert value 11 for field a => Convert(a.PartnerId, Object) to Nullable`1 in Kontakt |url: https://matrica.hr/Kontakt?filter=partnerId(=)11|action: GetAll|GET 
2021-01-31 12:47:35.1390|0|PlugAndPlay.Dal.QueryHandlers.KontaktQueryHandler|WARN|  Cannot convert value 11 for field a => Convert(a.PartnerId, Object) to Nullable`1 in Kontakt |url: https://matrica.hr/Kontakt?filter=partnerId(=)11|action: GetAll|GET 
2021-01-31 12:47:39.5459|0|PlugAndPlay.Dal.QueryHandlers.KontaktQueryHandler|WARN|  Cannot convert value 11 for field a => Convert(a.PartnerId, Object) to Nullable`1 in Kontakt |url: https://matrica.hr/Kontakt?filter=partnerId(=)11|action: GetAll|GET 
2021-01-31 12:47:43.9486|0|PlugAndPlay.Dal.QueryHandlers.KontaktQueryHandler|WARN|  Cannot convert value 11 for field a => Convert(a.PartnerId, Object) to Nullable`1 in Kontakt |url: https://matrica.hr/Kontakt?filter=partnerId(=)11|action: GetAll|GET 
2021-01-31 12:48:01.8735|0|PlugAndPlay.Dal.QueryHandlers.KontaktQueryHandler|WARN|  Cannot convert value 11 for field a => Convert(a.PartnerId, Object) to Nullable`1 in Kontakt |url: https://matrica.hr/Kontakt?filter=partnerId(=)11|action: GetAll|GET 
2021-01-31 12:48:07.5431|0|PlugAndPlay.Dal.QueryHandlers.KontaktQueryHandler|WARN|  Cannot convert value 2 for field a => Convert(a.KlijentId, Object) to Nullable`1 in Kontakt |url: https://matrica.hr/Kontakt?filter=klijentId(=)2|action: GetAll|GET 
2021-01-31 12:48:07.6101|0|PlugAndPlay.Dal.QueryHandlers.KontaktQueryHandler|WARN|  Cannot convert value 2 for field a => Convert(a.KlijentId, Object) to Nullable`1 in Kontakt |url: https://matrica.hr/Kontakt?filter=klijentId(=)2|action: GetAll|GET 
2021-01-31 12:49:07.3429|0|PlugAndPlay.Dal.QueryHandlers.KontaktQueryHandler|WARN|  Cannot convert value 11 for field a => Convert(a.PartnerId, Object) to Nullable`1 in Kontakt |url: https://matrica.hr/Kontakt?filter=partnerId(=)11|action: GetAll|GET 
2021-01-31 12:49:11.6719|0|PlugAndPlay.Dal.QueryHandlers.KontaktQueryHandler|WARN|  Cannot convert value 11 for field a => Convert(a.PartnerId, Object) to Nullable`1 in Kontakt |url: https://matrica.hr/Kontakt?filter=partnerId(=)11|action: GetAll|GET 
2021-01-31 12:49:17.5238|0|PlugAndPlay.Dal.QueryHandlers.KontaktQueryHandler|WARN|  Cannot convert value 11 for field a => Convert(a.PartnerId, Object) to Nullable`1 in Kontakt |url: https://matrica.hr/Kontakt?filter=partnerId(=)11|action: GetAll|GET 
2021-01-31 12:49:21.5045|0|PlugAndPlay.Dal.QueryHandlers.KontaktQueryHandler|WARN|  Cannot convert value 11 for field a => Convert(a.PartnerId, Object) to Nullable`1 in Kontakt |url: https://matrica.hr/Kontakt?filter=partnerId(=)11|action: GetAll|GET 
2021-01-31 12:50:18.7410|0|PlugAndPlay.Dal.QueryHandlers.KontaktQueryHandler|WARN|  Cannot convert value 11 for field a => Convert(a.PartnerId, Object) to Nullable`1 in Kontakt |url: https://matrica.hr/Kontakt?filter=partnerId(=)11|action: GetAll|GET 
2021-01-31 12:50:24.4871|0|PlugAndPlay.Dal.QueryHandlers.KontaktQueryHandler|WARN|  Cannot convert value 2 for field a => Convert(a.KlijentId, Object) to Nullable`1 in Kontakt |url: https://matrica.hr/Kontakt?filter=klijentId(=)2|action: GetAll|GET 
2021-01-31 12:50:24.5490|0|PlugAndPlay.Dal.QueryHandlers.KontaktQueryHandler|WARN|  Cannot convert value 2 for field a => Convert(a.KlijentId, Object) to Nullable`1 in Kontakt |url: https://matrica.hr/Kontakt?filter=klijentId(=)2|action: GetAll|GET 
2021-01-31 12:50:28.4332|0|PlugAndPlay.Dal.QueryHandlers.KontaktQueryHandler|WARN|  Cannot convert value 2 for field a => Convert(a.KlijentId, Object) to Nullable`1 in Kontakt |url: https://matrica.hr/Kontakt?filter=klijentId(=)2|action: GetAll|GET 
2021-01-31 12:50:28.4932|0|PlugAndPlay.Dal.QueryHandlers.KontaktQueryHandler|WARN|  Cannot convert value 2 for field a => Convert(a.KlijentId, Object) to Nullable`1 in Kontakt |url: https://matrica.hr/Kontakt?filter=klijentId(=)2|action: GetAll|GET 
2021-01-31 12:50:31.7608|0|PlugAndPlay.Dal.QueryHandlers.KontaktQueryHandler|WARN|  Cannot convert value 2 for field a => Convert(a.KlijentId, Object) to Nullable`1 in Kontakt |url: https://matrica.hr/Kontakt?filter=klijentId(=)2|action: GetAll|GET 
2021-01-31 12:50:31.8248|0|PlugAndPlay.Dal.QueryHandlers.KontaktQueryHandler|WARN|  Cannot convert value 2 for field a => Convert(a.KlijentId, Object) to Nullable`1 in Kontakt |url: https://matrica.hr/Kontakt?filter=klijentId(=)2|action: GetAll|GET 
2021-01-31 12:50:34.3219|0|PlugAndPlay.Dal.QueryHandlers.KontaktQueryHandler|WARN|  Cannot convert value 2 for field a => Convert(a.KlijentId, Object) to Nullable`1 in Kontakt |url: https://matrica.hr/Kontakt?filter=klijentId(=)2|action: GetAll|GET 
2021-01-31 12:50:34.3868|0|PlugAndPlay.Dal.QueryHandlers.KontaktQueryHandler|WARN|  Cannot convert value 2 for field a => Convert(a.KlijentId, Object) to Nullable`1 in Kontakt |url: https://matrica.hr/Kontakt?filter=klijentId(=)2|action: GetAll|GET 
2021-01-31 12:50:40.7823|0|PlugAndPlay.Dal.QueryHandlers.KontaktQueryHandler|WARN|  Cannot convert value 2 for field a => Convert(a.KlijentId, Object) to Nullable`1 in Kontakt |url: https://matrica.hr/Kontakt?filter=klijentId(=)2|action: GetAll|GET 
2021-01-31 12:50:40.9126|0|PlugAndPlay.Dal.QueryHandlers.KontaktQueryHandler|WARN|  Cannot convert value 2 for field a => Convert(a.KlijentId, Object) to Nullable`1 in Kontakt |url: https://matrica.hr/Kontakt?filter=klijentId(=)2|action: GetAll|GET 
2021-01-31 12:50:43.4726|0|PlugAndPlay.Dal.QueryHandlers.KontaktQueryHandler|WARN|  Cannot convert value 2 for field a => Convert(a.KlijentId, Object) to Nullable`1 in Kontakt |url: https://matrica.hr/Kontakt?filter=klijentId(=)2|action: GetAll|GET 
2021-01-31 12:50:43.5325|0|PlugAndPlay.Dal.QueryHandlers.KontaktQueryHandler|WARN|  Cannot convert value 2 for field a => Convert(a.KlijentId, Object) to Nullable`1 in Kontakt |url: https://matrica.hr/Kontakt?filter=klijentId(=)2|action: GetAll|GET 
2021-01-31 12:50:46.1292|0|PlugAndPlay.Dal.QueryHandlers.KontaktQueryHandler|WARN|  Cannot convert value 2 for field a => Convert(a.KlijentId, Object) to Nullable`1 in Kontakt |url: https://matrica.hr/Kontakt?filter=klijentId(=)2|action: GetAll|GET 
2021-01-31 12:50:46.2009|0|PlugAndPlay.Dal.QueryHandlers.KontaktQueryHandler|WARN|  Cannot convert value 2 for field a => Convert(a.KlijentId, Object) to Nullable`1 in Kontakt |url: https://matrica.hr/Kontakt?filter=klijentId(=)2|action: GetAll|GET 
2021-01-31 12:50:49.1599|0|PlugAndPlay.Dal.QueryHandlers.KontaktQueryHandler|WARN|  Cannot convert value 2 for field a => Convert(a.KlijentId, Object) to Nullable`1 in Kontakt |url: https://matrica.hr/Kontakt?filter=klijentId(=)2|action: GetAll|GET 
2021-01-31 12:50:49.2512|0|PlugAndPlay.Dal.QueryHandlers.KontaktQueryHandler|WARN|  Cannot convert value 2 for field a => Convert(a.KlijentId, Object) to Nullable`1 in Kontakt |url: https://matrica.hr/Kontakt?filter=klijentId(=)2|action: GetAll|GET 
2021-01-31 12:50:52.0140|0|PlugAndPlay.Dal.QueryHandlers.KontaktQueryHandler|WARN|  Cannot convert value 2 for field a => Convert(a.KlijentId, Object) to Nullable`1 in Kontakt |url: https://matrica.hr/Kontakt?filter=klijentId(=)2|action: GetAll|GET 
2021-01-31 12:50:52.0793|0|PlugAndPlay.Dal.QueryHandlers.KontaktQueryHandler|WARN|  Cannot convert value 2 for field a => Convert(a.KlijentId, Object) to Nullable`1 in Kontakt |url: https://matrica.hr/Kontakt?filter=klijentId(=)2|action: GetAll|GET 
2021-01-31 12:50:58.9937|0|PlugAndPlay.Dal.QueryHandlers.KontaktQueryHandler|WARN|  Cannot convert value 2 for field a => Convert(a.KlijentId, Object) to Nullable`1 in Kontakt |url: https://matrica.hr/Kontakt?filter=klijentId(=)2|action: GetAll|GET 
2021-01-31 12:50:59.0657|0|PlugAndPlay.Dal.QueryHandlers.KontaktQueryHandler|WARN|  Cannot convert value 2 for field a => Convert(a.KlijentId, Object) to Nullable`1 in Kontakt |url: https://matrica.hr/Kontakt?filter=klijentId(=)2|action: GetAll|GET 
2021-01-31 12:51:02.7920|0|PlugAndPlay.Dal.QueryHandlers.KontaktQueryHandler|WARN|  Cannot convert value 2 for field a => Convert(a.KlijentId, Object) to Nullable`1 in Kontakt |url: https://matrica.hr/Kontakt?filter=klijentId(=)2|action: GetAll|GET 
2021-01-31 12:51:02.8528|0|PlugAndPlay.Dal.QueryHandlers.KontaktQueryHandler|WARN|  Cannot convert value 2 for field a => Convert(a.KlijentId, Object) to Nullable`1 in Kontakt |url: https://matrica.hr/Kontakt?filter=klijentId(=)2|action: GetAll|GET 
2021-01-31 12:51:10.4186|0|PlugAndPlay.Dal.QueryHandlers.KontaktQueryHandler|WARN|  Cannot convert value 2 for field a => Convert(a.KlijentId, Object) to Nullable`1 in Kontakt |url: https://matrica.hr/Kontakt?filter=klijentId(=)2|action: GetAll|GET 
2021-01-31 12:51:10.4936|0|PlugAndPlay.Dal.QueryHandlers.KontaktQueryHandler|WARN|  Cannot convert value 2 for field a => Convert(a.KlijentId, Object) to Nullable`1 in Kontakt |url: https://matrica.hr/Kontakt?filter=klijentId(=)2|action: GetAll|GET 
2021-01-31 12:51:13.8479|0|PlugAndPlay.Dal.QueryHandlers.KontaktQueryHandler|WARN|  Cannot convert value 2 for field a => Convert(a.KlijentId, Object) to Nullable`1 in Kontakt |url: https://matrica.hr/Kontakt?filter=klijentId(=)2|action: GetAll|GET 
2021-01-31 12:51:13.9760|0|PlugAndPlay.Dal.QueryHandlers.KontaktQueryHandler|WARN|  Cannot convert value 2 for field a => Convert(a.KlijentId, Object) to Nullable`1 in Kontakt |url: https://matrica.hr/Kontakt?filter=klijentId(=)2|action: GetAll|GET 
2021-01-31 12:53:38.3682|0|PlugAndPlay.Dal.QueryHandlers.KontaktQueryHandler|WARN|  Cannot convert value 11 for field a => Convert(a.PartnerId, Object) to Nullable`1 in Kontakt |url: https://matrica.hr/Kontakt?filter=partnerId(=)11|action: GetAll|GET 
2021-01-31 12:54:05.6111|0|PlugAndPlay.Dal.QueryHandlers.KontaktQueryHandler|WARN|  Cannot convert value 11 for field a => Convert(a.PartnerId, Object) to Nullable`1 in Kontakt |url: https://matrica.hr/Kontakt?filter=partnerId(=)11|action: GetAll|GET 
2021-01-31 12:54:14.2715|0|PlugAndPlay.Dal.QueryHandlers.KontaktQueryHandler|WARN|  Cannot convert value 2 for field a => Convert(a.KlijentId, Object) to Nullable`1 in Kontakt |url: https://matrica.hr/Kontakt?filter=klijentId(=)2|action: GetAll|GET 
2021-01-31 12:54:14.3513|0|PlugAndPlay.Dal.QueryHandlers.KontaktQueryHandler|WARN|  Cannot convert value 2 for field a => Convert(a.KlijentId, Object) to Nullable`1 in Kontakt |url: https://matrica.hr/Kontakt?filter=klijentId(=)2|action: GetAll|GET 
2021-01-31 12:54:19.0057|0|PlugAndPlay.Dal.QueryHandlers.KontaktQueryHandler|WARN|  Cannot convert value 2 for field a => Convert(a.KlijentId, Object) to Nullable`1 in Kontakt |url: https://matrica.hr/Kontakt?filter=klijentId(=)2|action: GetAll|GET 
2021-01-31 12:54:19.0765|0|PlugAndPlay.Dal.QueryHandlers.KontaktQueryHandler|WARN|  Cannot convert value 2 for field a => Convert(a.KlijentId, Object) to Nullable`1 in Kontakt |url: https://matrica.hr/Kontakt?filter=klijentId(=)2|action: GetAll|GET 
2021-01-31 12:54:22.6402|0|PlugAndPlay.Dal.QueryHandlers.KontaktQueryHandler|WARN|  Cannot convert value 2 for field a => Convert(a.KlijentId, Object) to Nullable`1 in Kontakt |url: https://matrica.hr/Kontakt?filter=klijentId(=)2|action: GetAll|GET 
2021-01-31 12:54:22.7266|0|PlugAndPlay.Dal.QueryHandlers.KontaktQueryHandler|WARN|  Cannot convert value 2 for field a => Convert(a.KlijentId, Object) to Nullable`1 in Kontakt |url: https://matrica.hr/Kontakt?filter=klijentId(=)2|action: GetAll|GET 
2021-01-31 12:54:25.7308|0|PlugAndPlay.Dal.QueryHandlers.KontaktQueryHandler|WARN|  Cannot convert value 2 for field a => Convert(a.KlijentId, Object) to Nullable`1 in Kontakt |url: https://matrica.hr/Kontakt?filter=klijentId(=)2|action: GetAll|GET 
2021-01-31 12:54:25.8084|0|PlugAndPlay.Dal.QueryHandlers.KontaktQueryHandler|WARN|  Cannot convert value 2 for field a => Convert(a.KlijentId, Object) to Nullable`1 in Kontakt |url: https://matrica.hr/Kontakt?filter=klijentId(=)2|action: GetAll|GET 
2021-01-31 12:54:28.5105|0|PlugAndPlay.Dal.QueryHandlers.KontaktQueryHandler|WARN|  Cannot convert value 2 for field a => Convert(a.KlijentId, Object) to Nullable`1 in Kontakt |url: https://matrica.hr/Kontakt?filter=klijentId(=)2|action: GetAll|GET 
2021-01-31 12:54:28.5802|0|PlugAndPlay.Dal.QueryHandlers.KontaktQueryHandler|WARN|  Cannot convert value 2 for field a => Convert(a.KlijentId, Object) to Nullable`1 in Kontakt |url: https://matrica.hr/Kontakt?filter=klijentId(=)2|action: GetAll|GET 
2021-01-31 12:54:31.3728|0|PlugAndPlay.Dal.QueryHandlers.KontaktQueryHandler|WARN|  Cannot convert value 2 for field a => Convert(a.KlijentId, Object) to Nullable`1 in Kontakt |url: https://matrica.hr/Kontakt?filter=klijentId(=)2|action: GetAll|GET 
2021-01-31 12:54:31.4523|0|PlugAndPlay.Dal.QueryHandlers.KontaktQueryHandler|WARN|  Cannot convert value 2 for field a => Convert(a.KlijentId, Object) to Nullable`1 in Kontakt |url: https://matrica.hr/Kontakt?filter=klijentId(=)2|action: GetAll|GET 
2021-01-31 12:55:02.0414|0|PlugAndPlay.Dal.QueryHandlers.KontaktQueryHandler|WARN|  Cannot convert value 11 for field a => Convert(a.PartnerId, Object) to Nullable`1 in Kontakt |url: https://matrica.hr/Kontakt?filter=partnerId(=)11|action: GetAll|GET 
2021-01-31 12:55:49.4234|0|PlugAndPlay.Dal.QueryHandlers.KontaktQueryHandler|WARN|  Cannot convert value 11 for field a => Convert(a.PartnerId, Object) to Nullable`1 in Kontakt |url: https://matrica.hr/Kontakt?filter=partnerId(=)11|action: GetAll|GET 
2021-01-31 12:55:53.9641|0|PlugAndPlay.Dal.QueryHandlers.KontaktQueryHandler|WARN|  Cannot convert value 11 for field a => Convert(a.PartnerId, Object) to Nullable`1 in Kontakt |url: https://matrica.hr/Kontakt?filter=partnerId(=)11|action: GetAll|GET 
2021-01-31 12:55:57.4073|0|PlugAndPlay.Dal.QueryHandlers.KontaktQueryHandler|WARN|  Cannot convert value 11 for field a => Convert(a.PartnerId, Object) to Nullable`1 in Kontakt |url: https://matrica.hr/Kontakt?filter=partnerId(=)11|action: GetAll|GET 
2021-01-31 12:56:01.1598|0|PlugAndPlay.Dal.QueryHandlers.KontaktQueryHandler|WARN|  Cannot convert value 11 for field a => Convert(a.PartnerId, Object) to Nullable`1 in Kontakt |url: https://matrica.hr/Kontakt?filter=partnerId(=)11|action: GetAll|GET 
2021-01-31 12:56:06.9066|0|PlugAndPlay.Dal.QueryHandlers.KontaktQueryHandler|WARN|  Cannot convert value 2 for field a => Convert(a.KlijentId, Object) to Nullable`1 in Kontakt |url: https://matrica.hr/Kontakt?filter=klijentId(=)2|action: GetAll|GET 
2021-01-31 12:56:07.0196|0|PlugAndPlay.Dal.QueryHandlers.KontaktQueryHandler|WARN|  Cannot convert value 2 for field a => Convert(a.KlijentId, Object) to Nullable`1 in Kontakt |url: https://matrica.hr/Kontakt?filter=klijentId(=)2|action: GetAll|GET 
2021-01-31 12:56:11.5713|0|PlugAndPlay.Dal.QueryHandlers.KontaktQueryHandler|WARN|  Cannot convert value 2 for field a => Convert(a.KlijentId, Object) to Nullable`1 in Kontakt |url: https://matrica.hr/Kontakt?filter=klijentId(=)2|action: GetAll|GET 
2021-01-31 12:56:11.6679|0|PlugAndPlay.Dal.QueryHandlers.KontaktQueryHandler|WARN|  Cannot convert value 2 for field a => Convert(a.KlijentId, Object) to Nullable`1 in Kontakt |url: https://matrica.hr/Kontakt?filter=klijentId(=)2|action: GetAll|GET 
2021-01-31 12:56:14.9239|0|PlugAndPlay.Dal.QueryHandlers.KontaktQueryHandler|WARN|  Cannot convert value 2 for field a => Convert(a.KlijentId, Object) to Nullable`1 in Kontakt |url: https://matrica.hr/Kontakt?filter=klijentId(=)2|action: GetAll|GET 
2021-01-31 12:56:15.0763|0|PlugAndPlay.Dal.QueryHandlers.KontaktQueryHandler|WARN|  Cannot convert value 2 for field a => Convert(a.KlijentId, Object) to Nullable`1 in Kontakt |url: https://matrica.hr/Kontakt?filter=klijentId(=)2|action: GetAll|GET 
2021-01-31 12:56:17.8130|0|PlugAndPlay.Dal.QueryHandlers.KontaktQueryHandler|WARN|  Cannot convert value 2 for field a => Convert(a.KlijentId, Object) to Nullable`1 in Kontakt |url: https://matrica.hr/Kontakt?filter=klijentId(=)2|action: GetAll|GET 
2021-01-31 12:56:17.9043|0|PlugAndPlay.Dal.QueryHandlers.KontaktQueryHandler|WARN|  Cannot convert value 2 for field a => Convert(a.KlijentId, Object) to Nullable`1 in Kontakt |url: https://matrica.hr/Kontakt?filter=klijentId(=)2|action: GetAll|GET 
2021-01-31 12:56:20.6252|0|PlugAndPlay.Dal.QueryHandlers.KontaktQueryHandler|WARN|  Cannot convert value 2 for field a => Convert(a.KlijentId, Object) to Nullable`1 in Kontakt |url: https://matrica.hr/Kontakt?filter=klijentId(=)2|action: GetAll|GET 
2021-01-31 12:56:20.7207|0|PlugAndPlay.Dal.QueryHandlers.KontaktQueryHandler|WARN|  Cannot convert value 2 for field a => Convert(a.KlijentId, Object) to Nullable`1 in Kontakt |url: https://matrica.hr/Kontakt?filter=klijentId(=)2|action: GetAll|GET 
2021-01-31 12:56:26.1857|0|PlugAndPlay.Dal.QueryHandlers.KontaktQueryHandler|WARN|  Cannot convert value 2 for field a => Convert(a.KlijentId, Object) to Nullable`1 in Kontakt |url: https://matrica.hr/Kontakt?filter=klijentId(=)2|action: GetAll|GET 
2021-01-31 12:56:26.2635|0|PlugAndPlay.Dal.QueryHandlers.KontaktQueryHandler|WARN|  Cannot convert value 2 for field a => Convert(a.KlijentId, Object) to Nullable`1 in Kontakt |url: https://matrica.hr/Kontakt?filter=klijentId(=)2|action: GetAll|GET 
2021-01-31 12:56:28.9849|0|PlugAndPlay.Dal.QueryHandlers.KontaktQueryHandler|WARN|  Cannot convert value 2 for field a => Convert(a.KlijentId, Object) to Nullable`1 in Kontakt |url: https://matrica.hr/Kontakt?filter=klijentId(=)2|action: GetAll|GET 
2021-01-31 12:56:29.0609|0|PlugAndPlay.Dal.QueryHandlers.KontaktQueryHandler|WARN|  Cannot convert value 2 for field a => Convert(a.KlijentId, Object) to Nullable`1 in Kontakt |url: https://matrica.hr/Kontakt?filter=klijentId(=)2|action: GetAll|GET 
2021-01-31 12:56:31.4802|0|PlugAndPlay.Dal.QueryHandlers.KontaktQueryHandler|WARN|  Cannot convert value 2 for field a => Convert(a.KlijentId, Object) to Nullable`1 in Kontakt |url: https://matrica.hr/Kontakt?filter=klijentId(=)2|action: GetAll|GET 
2021-01-31 12:56:31.5602|0|PlugAndPlay.Dal.QueryHandlers.KontaktQueryHandler|WARN|  Cannot convert value 2 for field a => Convert(a.KlijentId, Object) to Nullable`1 in Kontakt |url: https://matrica.hr/Kontakt?filter=klijentId(=)2|action: GetAll|GET 
2021-01-31 12:56:33.7857|0|PlugAndPlay.Dal.QueryHandlers.KontaktQueryHandler|WARN|  Cannot convert value 2 for field a => Convert(a.KlijentId, Object) to Nullable`1 in Kontakt |url: https://matrica.hr/Kontakt?filter=klijentId(=)2|action: GetAll|GET 
2021-01-31 12:56:33.8698|0|PlugAndPlay.Dal.QueryHandlers.KontaktQueryHandler|WARN|  Cannot convert value 2 for field a => Convert(a.KlijentId, Object) to Nullable`1 in Kontakt |url: https://matrica.hr/Kontakt?filter=klijentId(=)2|action: GetAll|GET 
2021-01-31 12:56:36.1935|0|PlugAndPlay.Dal.QueryHandlers.KontaktQueryHandler|WARN|  Cannot convert value 2 for field a => Convert(a.KlijentId, Object) to Nullable`1 in Kontakt |url: https://matrica.hr/Kontakt?filter=klijentId(=)2|action: GetAll|GET 
2021-01-31 12:56:36.2823|0|PlugAndPlay.Dal.QueryHandlers.KontaktQueryHandler|WARN|  Cannot convert value 2 for field a => Convert(a.KlijentId, Object) to Nullable`1 in Kontakt |url: https://matrica.hr/Kontakt?filter=klijentId(=)2|action: GetAll|GET 
2021-01-31 12:56:38.6274|0|PlugAndPlay.Dal.QueryHandlers.KontaktQueryHandler|WARN|  Cannot convert value 2 for field a => Convert(a.KlijentId, Object) to Nullable`1 in Kontakt |url: https://matrica.hr/Kontakt?filter=klijentId(=)2|action: GetAll|GET 
2021-01-31 12:56:38.7101|0|PlugAndPlay.Dal.QueryHandlers.KontaktQueryHandler|WARN|  Cannot convert value 2 for field a => Convert(a.KlijentId, Object) to Nullable`1 in Kontakt |url: https://matrica.hr/Kontakt?filter=klijentId(=)2|action: GetAll|GET 
2021-01-31 12:56:41.6321|0|PlugAndPlay.Dal.QueryHandlers.KontaktQueryHandler|WARN|  Cannot convert value 2 for field a => Convert(a.KlijentId, Object) to Nullable`1 in Kontakt |url: https://matrica.hr/Kontakt?filter=klijentId(=)2|action: GetAll|GET 
2021-01-31 12:56:41.7082|0|PlugAndPlay.Dal.QueryHandlers.KontaktQueryHandler|WARN|  Cannot convert value 2 for field a => Convert(a.KlijentId, Object) to Nullable`1 in Kontakt |url: https://matrica.hr/Kontakt?filter=klijentId(=)2|action: GetAll|GET 
2021-01-31 12:56:44.4111|0|PlugAndPlay.Dal.QueryHandlers.KontaktQueryHandler|WARN|  Cannot convert value 2 for field a => Convert(a.KlijentId, Object) to Nullable`1 in Kontakt |url: https://matrica.hr/Kontakt?filter=klijentId(=)2|action: GetAll|GET 
2021-01-31 12:56:44.5339|0|PlugAndPlay.Dal.QueryHandlers.KontaktQueryHandler|WARN|  Cannot convert value 2 for field a => Convert(a.KlijentId, Object) to Nullable`1 in Kontakt |url: https://matrica.hr/Kontakt?filter=klijentId(=)2|action: GetAll|GET 
2021-01-31 12:56:48.2633|0|PlugAndPlay.Dal.QueryHandlers.KontaktQueryHandler|WARN|  Cannot convert value 11 for field a => Convert(a.PartnerId, Object) to Nullable`1 in Kontakt |url: https://matrica.hr/Kontakt?filter=partnerId(=)11|action: GetAll|GET 
2021-01-31 12:56:52.6773|0|PlugAndPlay.Dal.QueryHandlers.KontaktQueryHandler|WARN|  Cannot convert value 11 for field a => Convert(a.PartnerId, Object) to Nullable`1 in Kontakt |url: https://matrica.hr/Kontakt?filter=partnerId(=)11|action: GetAll|GET 
2021-01-31 12:56:57.0647|0|PlugAndPlay.Dal.QueryHandlers.KontaktQueryHandler|WARN|  Cannot convert value 11 for field a => Convert(a.PartnerId, Object) to Nullable`1 in Kontakt |url: https://matrica.hr/Kontakt?filter=partnerId(=)11|action: GetAll|GET 
2021-01-31 12:57:01.1323|0|PlugAndPlay.Dal.QueryHandlers.KontaktQueryHandler|WARN|  Cannot convert value 11 for field a => Convert(a.PartnerId, Object) to Nullable`1 in Kontakt |url: https://matrica.hr/Kontakt?filter=partnerId(=)11|action: GetAll|GET 
2021-01-31 12:57:04.7422|0|PlugAndPlay.Dal.QueryHandlers.KontaktQueryHandler|WARN|  Cannot convert value 11 for field a => Convert(a.PartnerId, Object) to Nullable`1 in Kontakt |url: https://matrica.hr/Kontakt?filter=partnerId(=)11|action: GetAll|GET 
2021-01-31 12:57:09.9111|0|PlugAndPlay.Dal.QueryHandlers.KontaktQueryHandler|WARN|  Cannot convert value 2 for field a => Convert(a.KlijentId, Object) to Nullable`1 in Kontakt |url: https://matrica.hr/Kontakt?filter=klijentId(=)2|action: GetAll|GET 
2021-01-31 12:57:09.9816|0|PlugAndPlay.Dal.QueryHandlers.KontaktQueryHandler|WARN|  Cannot convert value 2 for field a => Convert(a.KlijentId, Object) to Nullable`1 in Kontakt |url: https://matrica.hr/Kontakt?filter=klijentId(=)2|action: GetAll|GET 
2021-01-31 13:00:28.6702|0|PlugAndPlay.WebApi.Program|DEBUG|  init main |url: ?|action: | 
2021-01-31 13:00:35.1155|0|PlugAndPlay.Dal.QueryHandlers.KontaktQueryHandler|WARN|  Cannot convert value 2 for field a => Convert(a.KlijentId, Object) to Nullable`1 in Kontakt |url: https://matrica.hr/Kontakt?filter=klijentId(=)2|action: GetAll|GET 
2021-01-31 13:00:36.3507|0|PlugAndPlay.Dal.QueryHandlers.KontaktQueryHandler|WARN|  Cannot convert value 2 for field a => Convert(a.KlijentId, Object) to Nullable`1 in Kontakt |url: https://matrica.hr/Kontakt?filter=klijentId(=)2|action: GetAll|GET 
2021-01-31 13:00:40.1026|0|PlugAndPlay.Dal.QueryHandlers.KontaktQueryHandler|WARN|  Cannot convert value 2 for field a => Convert(a.KlijentId, Object) to Nullable`1 in Kontakt |url: https://matrica.hr/Kontakt?filter=klijentId(=)2|action: GetAll|GET 
2021-01-31 13:00:40.1719|0|PlugAndPlay.Dal.QueryHandlers.KontaktQueryHandler|WARN|  Cannot convert value 2 for field a => Convert(a.KlijentId, Object) to Nullable`1 in Kontakt |url: https://matrica.hr/Kontakt?filter=klijentId(=)2|action: GetAll|GET 
2021-01-31 13:00:43.2741|0|PlugAndPlay.Dal.QueryHandlers.KontaktQueryHandler|WARN|  Cannot convert value 2 for field a => Convert(a.KlijentId, Object) to Nullable`1 in Kontakt |url: https://matrica.hr/Kontakt?filter=klijentId(=)2|action: GetAll|GET 
2021-01-31 13:00:43.3661|0|PlugAndPlay.Dal.QueryHandlers.KontaktQueryHandler|WARN|  Cannot convert value 2 for field a => Convert(a.KlijentId, Object) to Nullable`1 in Kontakt |url: https://matrica.hr/Kontakt?filter=klijentId(=)2|action: GetAll|GET 
2021-01-31 13:07:29.4416|0|PlugAndPlay.Dal.QueryHandlers.KontaktQueryHandler|WARN|  Cannot convert value 11 for field a => Convert(a.PartnerId, Object) to Nullable`1 in Kontakt |url: https://matrica.hr/Kontakt?filter=partnerId(=)11|action: GetAll|GET 
2021-01-31 13:07:32.9084|0|PlugAndPlay.Dal.QueryHandlers.KontaktQueryHandler|WARN|  Cannot convert value 11 for field a => Convert(a.PartnerId, Object) to Nullable`1 in Kontakt |url: https://matrica.hr/Kontakt?filter=partnerId(=)11|action: GetAll|GET 
2021-01-31 13:07:36.1385|0|PlugAndPlay.Dal.QueryHandlers.KontaktQueryHandler|WARN|  Cannot convert value 11 for field a => Convert(a.PartnerId, Object) to Nullable`1 in Kontakt |url: https://matrica.hr/Kontakt?filter=partnerId(=)11|action: GetAll|GET 
2021-01-31 13:12:42.2857|0|PlugAndPlay.Dal.QueryHandlers.KontaktQueryHandler|WARN|  Cannot convert value 11 for field a => Convert(a.PartnerId, Object) to Nullable`1 in Kontakt |url: https://matrica.hr/Kontakt?filter=partnerId(=)11|action: GetAll|GET 
2021-01-31 13:12:52.1714|0|PlugAndPlay.Dal.QueryHandlers.KontaktQueryHandler|WARN|  Cannot convert value 11 for field a => Convert(a.PartnerId, Object) to Nullable`1 in Kontakt |url: https://matrica.hr/Kontakt?filter=partnerId(=)11|action: GetAll|GET 
2021-01-31 13:13:01.7381|0|PlugAndPlay.Dal.QueryHandlers.KontaktQueryHandler|WARN|  Cannot convert value 2 for field a => Convert(a.KlijentId, Object) to Nullable`1 in Kontakt |url: https://matrica.hr/Kontakt?filter=klijentId(=)2|action: GetAll|GET 
2021-01-31 13:13:01.8231|0|PlugAndPlay.Dal.QueryHandlers.KontaktQueryHandler|WARN|  Cannot convert value 2 for field a => Convert(a.KlijentId, Object) to Nullable`1 in Kontakt |url: https://matrica.hr/Kontakt?filter=klijentId(=)2|action: GetAll|GET 
2021-01-31 13:18:18.9267|0|PlugAndPlay.Dal.QueryHandlers.KontaktQueryHandler|WARN|  Cannot convert value 11 for field a => Convert(a.PartnerId, Object) to Nullable`1 in Kontakt |url: https://matrica.hr/Kontakt?filter=partnerId(=)11|action: GetAll|GET 
2021-01-31 13:18:24.1320|0|PlugAndPlay.Dal.QueryHandlers.KontaktQueryHandler|WARN|  Cannot convert value 11 for field a => Convert(a.PartnerId, Object) to Nullable`1 in Kontakt |url: https://matrica.hr/Kontakt?filter=partnerId(=)11|action: GetAll|GET 
2021-01-31 13:18:29.8007|0|PlugAndPlay.Dal.QueryHandlers.KontaktQueryHandler|WARN|  Cannot convert value 2 for field a => Convert(a.KlijentId, Object) to Nullable`1 in Kontakt |url: https://matrica.hr/Kontakt?filter=klijentId(=)2|action: GetAll|GET 
2021-01-31 13:18:29.9652|0|PlugAndPlay.Dal.QueryHandlers.KontaktQueryHandler|WARN|  Cannot convert value 2 for field a => Convert(a.KlijentId, Object) to Nullable`1 in Kontakt |url: https://matrica.hr/Kontakt?filter=klijentId(=)2|action: GetAll|GET 
2021-01-31 13:18:56.3516|0|PlugAndPlay.Dal.QueryHandlers.KontaktQueryHandler|WARN|  Cannot convert value 11 for field a => Convert(a.PartnerId, Object) to Nullable`1 in Kontakt |url: https://matrica.hr/Kontakt?filter=partnerId(=)11|action: GetAll|GET 
2021-01-31 13:19:39.6541|0|PlugAndPlay.Dal.QueryHandlers.KontaktQueryHandler|WARN|  Cannot convert value 9 for field a => Convert(a.PartnerId, Object) to Nullable`1 in Kontakt |url: https://matrica.hr/Kontakt?filter=PartnerId(=)9|action: GetAll|GET 
2021-01-31 13:19:44.5017|0|PlugAndPlay.Dal.QueryHandlers.KontaktQueryHandler|WARN|  Cannot convert value 11 for field a => Convert(a.PartnerId, Object) to Nullable`1 in Kontakt |url: https://matrica.hr/Kontakt?filter=PartnerId(=)11|action: GetAll|GET 
2021-01-31 13:22:53.3020|0|PlugAndPlay.Dal.QueryHandlers.KontaktQueryHandler|WARN|  Cannot convert value 10 for field a => Convert(a.PartnerId, Object) to Nullable`1 in Kontakt |url: https://matrica.hr/Kontakt?filter=PartnerId(=)10|action: GetAll|GET 
2021-01-31 13:22:59.0016|0|PlugAndPlay.Dal.QueryHandlers.KontaktQueryHandler|WARN|  Cannot convert value 11 for field a => Convert(a.PartnerId, Object) to Nullable`1 in Kontakt |url: https://matrica.hr/Kontakt?filter=PartnerId(=)11|action: GetAll|GET 
2021-01-31 13:23:11.9237|0|PlugAndPlay.Dal.QueryHandlers.KontaktQueryHandler|WARN|  Cannot convert value 9 for field a => Convert(a.PartnerId, Object) to Nullable`1 in Kontakt |url: https://matrica.hr/Kontakt?filter=partnerid(=)9|action: GetAll|GET 
2021-01-31 13:23:33.2868|0|PlugAndPlay.Dal.QueryHandlers.KontaktQueryHandler|WARN|  Cannot convert value Ivano for field a => Convert(a.PartnerId, Object) to Nullable`1 in Kontakt |url: https://matrica.hr/Kontakt?filter=PartnerId(=)Ivano|action: GetAll|GET 
2021-01-31 13:23:42.6590|0|PlugAndPlay.Dal.QueryHandlers.KontaktQueryHandler|WARN|  Cannot convert value Ivano for field a => Convert(a.PartnerId, Object) to Nullable`1 in Kontakt |url: https://matrica.hr/Kontakt?filter=partnerId(=)Ivano|action: GetAll|GET 
2021-01-31 13:23:45.8182|0|PlugAndPlay.Dal.QueryHandlers.KontaktQueryHandler|WARN|  Cannot convert value 8 for field a => Convert(a.PartnerId, Object) to Nullable`1 in Kontakt |url: https://matrica.hr/Kontakt?filter=partnerId(=)8|action: GetAll|GET 
2021-01-31 13:27:19.6780|0|PlugAndPlay.Dal.QueryHandlers.KontaktQueryHandler|WARN|  Cannot convert value Hrvatski for field a => Convert(a.PartnerId, Object) to Nullable`1 in Kontakt |url: https://matrica.hr/Kontakt?filter=partnerId(=)Hrvatski|action: GetAll|GET 
2021-01-31 13:27:24.0514|0|PlugAndPlay.Dal.QueryHandlers.KontaktQueryHandler|WARN|  Cannot convert value 9 for field a => Convert(a.PartnerId, Object) to Nullable`1 in Kontakt |url: https://matrica.hr/Kontakt?filter=partnerId(=)9|action: GetAll|GET 
2021-01-31 13:31:16.2762|0|PlugAndPlay.Dal.QueryHandlers.KontaktQueryHandler|WARN|  Cannot convert value 11 for field a => Convert(a.PartnerId, Object) to Nullable`1 in Kontakt |url: https://matrica.hr/Kontakt?filter=partnerId(=)11|action: GetAll|GET 
2021-01-31 13:31:20.5963|0|PlugAndPlay.Dal.QueryHandlers.KontaktQueryHandler|WARN|  Cannot convert value 11 for field a => Convert(a.PartnerId, Object) to Nullable`1 in Kontakt |url: https://matrica.hr/Kontakt?filter=partnerId(=)11|action: GetAll|GET 
2021-01-31 13:31:24.8697|0|PlugAndPlay.Dal.QueryHandlers.KontaktQueryHandler|WARN|  Cannot convert value 11 for field a => Convert(a.PartnerId, Object) to Nullable`1 in Kontakt |url: https://matrica.hr/Kontakt?filter=partnerId(=)11|action: GetAll|GET 
2021-01-31 13:31:28.9570|0|PlugAndPlay.Dal.QueryHandlers.KontaktQueryHandler|WARN|  Cannot convert value 11 for field a => Convert(a.PartnerId, Object) to Nullable`1 in Kontakt |url: https://matrica.hr/Kontakt?filter=partnerId(=)11|action: GetAll|GET 
2021-01-31 13:31:33.2749|0|PlugAndPlay.Dal.QueryHandlers.KontaktQueryHandler|WARN|  Cannot convert value 11 for field a => Convert(a.PartnerId, Object) to Nullable`1 in Kontakt |url: https://matrica.hr/Kontakt?filter=partnerId(=)11|action: GetAll|GET 
2021-01-31 13:31:39.6809|0|PlugAndPlay.Dal.QueryHandlers.KontaktQueryHandler|WARN|  Cannot convert value 2 for field a => Convert(a.KlijentId, Object) to Nullable`1 in Kontakt |url: https://matrica.hr/Kontakt?filter=klijentId(=)2|action: GetAll|GET 
2021-01-31 13:31:39.7777|0|PlugAndPlay.Dal.QueryHandlers.KontaktQueryHandler|WARN|  Cannot convert value 2 for field a => Convert(a.KlijentId, Object) to Nullable`1 in Kontakt |url: https://matrica.hr/Kontakt?filter=klijentId(=)2|action: GetAll|GET 
2021-01-31 13:34:16.3823|0|PlugAndPlay.WebApi.Program|DEBUG|  init main |url: ?|action: | 
2021-01-31 13:34:31.5141|0|PlugAndPlay.WebApi.Program|ERROR|  Stopped program because of exception Failed to bind to address http://0.0.0.0:4300: address already in use.|url: ?|action: | 
2021-01-31 13:35:11.5985|0|PlugAndPlay.WebApi.Program|DEBUG|  init main |url: ?|action: | 
2021-01-31 13:50:29.3771|0|PlugAndPlay.WebApi.Program|DEBUG|  init main |url: ?|action: | 
2021-01-31 13:54:57.4401|0|PlugAndPlay.WebApi.Program|DEBUG|  init main |url: ?|action: | 
2021-01-31 14:02:07.5040|0|PlugAndPlay.WebApi.Program|DEBUG|  init main |url: ?|action: | 
2021-01-31 14:15:25.4178|0|PlugAndPlay.WebApi.Program|DEBUG|  init main |url: ?|action: | 
2021-01-31 14:20:28.6778|0|PlugAndPlay.WebApi.Program|DEBUG|  init main |url: ?|action: | 
2021-01-31 15:29:53.0933|0|PlugAndPlay.WebApi.Program|DEBUG|  init main |url: ?|action: | 
2021-01-31 15:40:19.8680|0|PlugAndPlay.Dal.QueryHandlers.KontaktQueryHandler|WARN|  Cannot convert value new for field a => Convert(a.Partner.Id, Object) to Int32 in Kontakt |url: https://matrica.hr/Kontakt?filter=partnerId(=)new|action: GetAll|GET 
2021-01-31 15:49:05.2971|0|PlugAndPlay.WebApi.Program|DEBUG|  init main |url: ?|action: | 
2021-01-31 16:13:04.4024|0|PlugAndPlay.WebApi.Program|DEBUG|  init main |url: ?|action: | 
