2021-01-30 09:50:59.6693|0|PlugAndPlay.WebApi.Program|DEBUG|  init main |url: ?|action: | 
2021-01-30 10:02:26.7229|0|PlugAndPlay.WebApi.Program|DEBUG|  init main |url: ?|action: | 
2021-01-30 10:37:13.7995|0|PlugAndPlay.WebApi.Program|DEBUG|  init main |url: ?|action: | 
2021-01-30 11:01:57.8139|0|PlugAndPlay.WebApi.Program|DEBUG|  init main |url: ?|action: | 
2021-01-30 11:09:16.1142|0|PlugAndPlay.WebApi.Program|DEBUG|  init main |url: ?|action: | 
2021-01-30 11:09:51.2334|0|PlugAndPlay.Dal.QueryHandlers.KontaktQueryHandler|WARN|  Cannot convert value 1 for field a => Convert(a.KlijentId, Object) to Nullable`1 in Kontakt |url: https://matrica.hr/Kontakt?filter=KlijentId(=)1|action: GetAll|GET 
2021-01-30 11:09:52.5597|0|PlugAndPlay.Dal.QueryHandlers.KontaktQueryHandler|WARN|  Cannot convert value 1 for field a => Convert(a.KlijentId, Object) to Nullable`1 in Kontakt |url: https://matrica.hr/Kontakt?filter=KlijentId(=)1|action: GetAll|GET 
2021-01-30 11:13:50.1013|0|PlugAndPlay.Dal.QueryHandlers.KontaktQueryHandler|WARN|  Cannot convert value 1 for field a => Convert(a.KlijentId, Object) to Nullable`1 in Kontakt |url: https://matrica.hr/Kontakt?filter=KlijentId(=)1|action: GetAll|GET 
2021-01-30 11:14:05.0620|0|PlugAndPlay.Dal.QueryHandlers.KontaktQueryHandler|WARN|  Cannot convert value 1 for field a => Convert(a.KlijentId, Object) to Nullable`1 in Kontakt |url: https://matrica.hr/Kontakt?filter=KlijentId(=)1|action: GetAll|GET 
2021-01-30 11:14:05.1725|0|PlugAndPlay.Dal.QueryHandlers.KontaktQueryHandler|WARN|  Cannot convert value 1 for field a => Convert(a.KlijentId, Object) to Nullable`1 in Kontakt |url: https://matrica.hr/Kontakt?filter=KlijentId(=)1|action: GetAll|GET 
2021-01-30 11:14:05.2912|0|PlugAndPlay.Dal.QueryHandlers.KontaktQueryHandler|WARN|  Cannot convert value 1 for field a => Convert(a.KlijentId, Object) to Nullable`1 in Kontakt |url: https://matrica.hr/Kontakt?filter=KlijentId(=)1|action: GetAll|GET 
2021-01-30 11:14:05.4115|0|PlugAndPlay.Dal.QueryHandlers.KontaktQueryHandler|WARN|  Cannot convert value 1 for field a => Convert(a.KlijentId, Object) to Nullable`1 in Kontakt |url: https://matrica.hr/Kontakt?filter=KlijentId(=)1|action: GetAll|GET 
2021-01-30 11:14:05.5324|0|PlugAndPlay.Dal.QueryHandlers.KontaktQueryHandler|WARN|  Cannot convert value 1 for field a => Convert(a.KlijentId, Object) to Nullable`1 in Kontakt |url: https://matrica.hr/Kontakt?filter=KlijentId(=)1|action: GetAll|GET 
2021-01-30 11:16:22.3634|0|PlugAndPlay.Dal.QueryHandlers.KontaktQueryHandler|WARN|  Cannot convert value 1 for field a => Convert(a.KlijentId, Object) to Nullable`1 in Kontakt |url: https://matrica.hr/Kontakt?filter=KlijentId(=)1|action: GetAll|GET 
2021-01-30 11:16:38.8931|0|PlugAndPlay.Dal.QueryHandlers.KontaktQueryHandler|WARN|  Cannot convert value 1 for field a => Convert(a.KlijentId, Object) to Nullable`1 in Kontakt |url: https://matrica.hr/Kontakt?filter=KlijentId(=)1|action: GetAll|GET 
2021-01-30 11:16:53.5340|0|PlugAndPlay.Dal.QueryHandlers.KontaktQueryHandler|WARN|  Cannot convert value 1 for field a => Convert(a.KlijentId, Object) to Nullable`1 in Kontakt |url: https://matrica.hr/Kontakt?filter=KlijentId(=)1|action: GetAll|GET 
2021-01-30 11:17:59.9330|0|PlugAndPlay.Dal.QueryHandlers.KontaktQueryHandler|WARN|  Cannot convert value 1 for field a => Convert(a.KlijentId, Object) to Nullable`1 in Kontakt |url: https://matrica.hr/Kontakt?filter=KlijentId(=)1|action: GetAll|GET 
2021-01-30 11:18:14.6533|0|PlugAndPlay.Dal.QueryHandlers.KontaktQueryHandler|WARN|  Cannot convert value 1 for field a => Convert(a.KlijentId, Object) to Nullable`1 in Kontakt |url: https://matrica.hr/Kontakt?filter=KlijentId(=)1|action: GetAll|GET 
2021-01-30 11:18:39.9313|0|PlugAndPlay.Dal.QueryHandlers.KontaktQueryHandler|WARN|  Cannot convert value 1 for field a => Convert(a.KlijentId, Object) to Nullable`1 in Kontakt |url: https://matrica.hr/Kontakt?filter=KlijentId(=)1|action: GetAll|GET 
2021-01-30 11:18:54.6133|0|PlugAndPlay.Dal.QueryHandlers.KontaktQueryHandler|WARN|  Cannot convert value 1 for field a => Convert(a.KlijentId, Object) to Nullable`1 in Kontakt |url: https://matrica.hr/Kontakt?filter=KlijentId(=)1|action: GetAll|GET 
2021-01-30 11:20:03.5015|0|PlugAndPlay.Dal.QueryHandlers.KontaktQueryHandler|WARN|  Cannot convert value 1 for field a => Convert(a.KlijentId, Object) to Nullable`1 in Kontakt |url: https://matrica.hr/Kontakt?filter=KlijentId(=)1|action: GetAll|GET 
2021-01-30 11:20:18.1717|0|PlugAndPlay.Dal.QueryHandlers.KontaktQueryHandler|WARN|  Cannot convert value 1 for field a => Convert(a.KlijentId, Object) to Nullable`1 in Kontakt |url: https://matrica.hr/Kontakt?filter=KlijentId(=)1|action: GetAll|GET 
2021-01-30 11:20:32.8923|0|PlugAndPlay.Dal.QueryHandlers.KontaktQueryHandler|WARN|  Cannot convert value 1 for field a => Convert(a.KlijentId, Object) to Nullable`1 in Kontakt |url: https://matrica.hr/Kontakt?filter=KlijentId(=)1|action: GetAll|GET 
2021-01-30 11:20:39.3337|0|PlugAndPlay.Dal.QueryHandlers.KontaktQueryHandler|WARN|  Cannot convert value 1 for field a => Convert(a.KlijentId, Object) to Nullable`1 in Kontakt |url: https://matrica.hr/Kontakt?filter=KlijentId(=)1|action: GetAll|GET 
2021-01-30 11:22:14.0514|0|PlugAndPlay.Dal.QueryHandlers.KontaktQueryHandler|WARN|  Cannot convert value 1 for field a => Convert(a.KlijentId, Object) to Nullable`1 in Kontakt |url: https://matrica.hr/Kontakt?filter=KlijentId(=)1|action: GetAll|GET 
2021-01-30 11:22:39.4514|0|PlugAndPlay.Dal.QueryHandlers.KontaktQueryHandler|WARN|  Cannot convert value 1 for field a => Convert(a.KlijentId, Object) to Nullable`1 in Kontakt |url: https://matrica.hr/Kontakt?filter=KlijentId(=)1|action: GetAll|GET 
2021-01-30 11:22:54.1089|0|PlugAndPlay.Dal.QueryHandlers.KontaktQueryHandler|WARN|  Cannot convert value 1 for field a => Convert(a.KlijentId, Object) to Nullable`1 in Kontakt |url: https://matrica.hr/Kontakt?filter=KlijentId(=)1|action: GetAll|GET 
2021-01-30 11:23:13.8214|0|PlugAndPlay.Dal.QueryHandlers.KontaktQueryHandler|WARN|  Cannot convert value 1 for field a => Convert(a.KlijentId, Object) to Nullable`1 in Kontakt |url: https://matrica.hr/Kontakt?filter=KlijentId(=)1|action: GetAll|GET 
2021-01-30 11:23:41.8507|0|PlugAndPlay.Dal.QueryHandlers.KontaktQueryHandler|WARN|  Cannot convert value 1 for field a => Convert(a.KlijentId, Object) to Nullable`1 in Kontakt |url: https://matrica.hr/Kontakt?filter=KlijentId(=)1|action: GetAll|GET 
2021-01-30 11:23:56.5309|0|PlugAndPlay.Dal.QueryHandlers.KontaktQueryHandler|WARN|  Cannot convert value 1 for field a => Convert(a.KlijentId, Object) to Nullable`1 in Kontakt |url: https://matrica.hr/Kontakt?filter=KlijentId(=)1|action: GetAll|GET 
2021-01-30 11:23:56.6515|0|PlugAndPlay.Dal.QueryHandlers.KontaktQueryHandler|WARN|  Cannot convert value 1 for field a => Convert(a.KlijentId, Object) to Nullable`1 in Kontakt |url: https://matrica.hr/Kontakt?filter=KlijentId(=)1|action: GetAll|GET 
2021-01-30 11:23:56.7698|0|PlugAndPlay.Dal.QueryHandlers.KontaktQueryHandler|WARN|  Cannot convert value 1 for field a => Convert(a.KlijentId, Object) to Nullable`1 in Kontakt |url: https://matrica.hr/Kontakt?filter=KlijentId(=)1|action: GetAll|GET 
2021-01-30 11:23:56.8899|0|PlugAndPlay.Dal.QueryHandlers.KontaktQueryHandler|WARN|  Cannot convert value 1 for field a => Convert(a.KlijentId, Object) to Nullable`1 in Kontakt |url: https://matrica.hr/Kontakt?filter=KlijentId(=)1|action: GetAll|GET 
2021-01-30 11:23:57.0111|0|PlugAndPlay.Dal.QueryHandlers.KontaktQueryHandler|WARN|  Cannot convert value 1 for field a => Convert(a.KlijentId, Object) to Nullable`1 in Kontakt |url: https://matrica.hr/Kontakt?filter=KlijentId(=)1|action: GetAll|GET 
2021-01-30 11:23:57.1378|0|PlugAndPlay.Dal.QueryHandlers.KontaktQueryHandler|WARN|  Cannot convert value 1 for field a => Convert(a.KlijentId, Object) to Nullable`1 in Kontakt |url: https://matrica.hr/Kontakt?filter=KlijentId(=)1|action: GetAll|GET 
2021-01-30 11:23:57.2516|0|PlugAndPlay.Dal.QueryHandlers.KontaktQueryHandler|WARN|  Cannot convert value 1 for field a => Convert(a.KlijentId, Object) to Nullable`1 in Kontakt |url: https://matrica.hr/Kontakt?filter=KlijentId(=)1|action: GetAll|GET 
2021-01-30 11:25:14.7816|0|PlugAndPlay.Dal.QueryHandlers.KontaktQueryHandler|WARN|  Cannot convert value 1 for field a => Convert(a.KlijentId, Object) to Nullable`1 in Kontakt |url: https://matrica.hr/Kontakt?filter=KlijentId(=)1|action: GetAll|GET 
2021-01-30 11:25:29.4508|0|PlugAndPlay.Dal.QueryHandlers.KontaktQueryHandler|WARN|  Cannot convert value 1 for field a => Convert(a.KlijentId, Object) to Nullable`1 in Kontakt |url: https://matrica.hr/Kontakt?filter=KlijentId(=)1|action: GetAll|GET 
2021-01-30 11:31:03.5263|0|PlugAndPlay.Dal.QueryHandlers.KontaktQueryHandler|WARN|  Cannot convert value 1 for field a => Convert(a.KlijentId, Object) to Nullable`1 in Kontakt |url: https://matrica.hr/Kontakt?filter=KlijentId(=)1|action: GetAll|GET 
2021-01-30 11:31:18.4841|0|PlugAndPlay.Dal.QueryHandlers.KontaktQueryHandler|WARN|  Cannot convert value 1 for field a => Convert(a.KlijentId, Object) to Nullable`1 in Kontakt |url: https://matrica.hr/Kontakt?filter=KlijentId(=)1|action: GetAll|GET 
2021-01-30 11:31:49.0604|0|PlugAndPlay.Dal.QueryHandlers.KontaktQueryHandler|WARN|  Cannot convert value 1 for field a => Convert(a.KlijentId, Object) to Nullable`1 in Kontakt |url: https://matrica.hr/Kontakt?filter=KlijentId(=)1|action: GetAll|GET 
2021-01-30 11:32:14.2455|0|PlugAndPlay.Dal.QueryHandlers.KontaktQueryHandler|WARN|  Cannot convert value 1 for field a => Convert(a.KlijentId, Object) to Nullable`1 in Kontakt |url: https://matrica.hr/Kontakt?filter=KlijentId(=)1|action: GetAll|GET 
2021-01-30 11:32:28.8918|0|PlugAndPlay.Dal.QueryHandlers.KontaktQueryHandler|WARN|  Cannot convert value 1 for field a => Convert(a.KlijentId, Object) to Nullable`1 in Kontakt |url: https://matrica.hr/Kontakt?filter=KlijentId(=)1|action: GetAll|GET 
2021-01-30 11:33:28.2337|0|PlugAndPlay.Dal.QueryHandlers.KontaktQueryHandler|WARN|  Cannot convert value 1 for field a => Convert(a.KlijentId, Object) to Nullable`1 in Kontakt |url: https://matrica.hr/Kontakt?filter=KlijentId(=)1|action: GetAll|GET 
2021-01-30 11:33:34.8635|0|PlugAndPlay.Dal.QueryHandlers.KontaktQueryHandler|WARN|  Cannot convert value 1 for field a => Convert(a.PartnerId, Object) to Nullable`1 in Kontakt |url: https://matrica.hr/Kontakt?filter=PartnerId(=)1|action: GetAll|GET 
2021-01-30 11:33:42.8915|0|PlugAndPlay.Dal.QueryHandlers.KontaktQueryHandler|WARN|  Cannot convert value 1 for field a => Convert(a.KlijentId, Object) to Nullable`1 in Kontakt |url: https://matrica.hr/Kontakt?filter=KlijentId(=)1|action: GetAll|GET 
2021-01-30 11:36:15.4665|0|PlugAndPlay.Dal.QueryHandlers.KontaktQueryHandler|WARN|  Cannot convert value 1 for field a => Convert(a.PartnerId, Object) to Nullable`1 in Kontakt |url: https://matrica.hr/Kontakt?filter=PartnerId(=)1|action: GetAll|GET 
2021-01-30 11:43:26.1320|0|PlugAndPlay.Dal.QueryHandlers.KontaktQueryHandler|WARN|  Cannot convert value 1 for field a => Convert(a.PartnerId, Object) to Nullable`1 in Kontakt |url: https://matrica.hr/Kontakt?filter=PartnerId(=)1|action: GetAll|GET 
2021-01-30 11:43:46.1808|0|PlugAndPlay.Dal.QueryHandlers.KontaktQueryHandler|WARN|  Cannot convert value 1 for field a => Convert(a.PartnerId, Object) to Nullable`1 in Kontakt |url: https://matrica.hr/Kontakt?filter=PartnerId(=)1|action: GetAll|GET 
2021-01-30 11:43:59.1412|0|PlugAndPlay.Dal.QueryHandlers.KontaktQueryHandler|WARN|  Cannot convert value 1 for field a => Convert(a.PartnerId, Object) to Nullable`1 in Kontakt |url: https://matrica.hr/Kontakt?filter=PartnerId(=)1|action: GetAll|GET 
2021-01-30 11:44:17.3367|0|PlugAndPlay.Dal.QueryHandlers.KontaktQueryHandler|WARN|  Cannot convert value 1 for field a => Convert(a.PartnerId, Object) to Nullable`1 in Kontakt |url: https://matrica.hr/Kontakt?filter=PartnerId(=)1|action: GetAll|GET 
2021-01-30 11:49:14.6034|0|PlugAndPlay.Dal.QueryHandlers.KontaktQueryHandler|WARN|  Cannot convert value 1 for field a => Convert(a.PartnerId, Object) to Nullable`1 in Kontakt |url: https://matrica.hr/Kontakt?filter=PartnerId(=)1|action: GetAll|GET 
2021-01-30 11:49:25.8297|0|PlugAndPlay.Dal.QueryHandlers.KontaktQueryHandler|WARN|  Cannot convert value 1 for field a => Convert(a.KlijentId, Object) to Nullable`1 in Kontakt |url: https://matrica.hr/Kontakt?filter=KlijentId(=)1|action: GetAll|GET 
2021-01-30 11:51:09.4784|0|PlugAndPlay.Dal.QueryHandlers.KontaktQueryHandler|WARN|  Cannot convert value 1 for field a => Convert(a.PartnerId, Object) to Nullable`1 in Kontakt |url: https://matrica.hr/Kontakt?filter=PartnerId(=)1|action: GetAll|GET 
2021-01-30 11:51:57.9891|0|PlugAndPlay.Dal.QueryHandlers.KontaktQueryHandler|WARN|  Cannot convert value 1 for field a => Convert(a.PartnerId, Object) to Nullable`1 in Kontakt |url: https://matrica.hr/Kontakt?filter=PartnerId(=)1|action: GetAll|GET 
2021-01-30 11:53:21.8297|0|PlugAndPlay.Dal.QueryHandlers.KontaktQueryHandler|WARN|  Cannot convert value 1 for field a => Convert(a.PartnerId, Object) to Nullable`1 in Kontakt |url: https://matrica.hr/Kontakt?filter=PartnerId(=)1|action: GetAll|GET 
2021-01-30 11:53:54.9168|0|PlugAndPlay.Dal.QueryHandlers.KontaktQueryHandler|WARN|  Cannot convert value 1 for field a => Convert(a.PartnerId, Object) to Nullable`1 in Kontakt |url: https://matrica.hr/Kontakt?filter=PartnerId(=)1|action: GetAll|GET 
2021-01-30 11:56:25.5912|0|PlugAndPlay.Dal.QueryHandlers.KontaktQueryHandler|WARN|  Cannot convert value 1 for field a => Convert(a.PartnerId, Object) to Nullable`1 in Kontakt |url: https://matrica.hr/Kontakt?filter=partnerId(=)1|action: GetAll|GET 
2021-01-30 11:56:27.0359|0|PlugAndPlay.Dal.QueryHandlers.KontaktQueryHandler|WARN|  Cannot convert value 1 for field a => Convert(a.PartnerId, Object) to Nullable`1 in Kontakt |url: https://matrica.hr/Kontakt?filter=PartnerId(=)1|action: GetAll|GET 
2021-01-30 11:56:47.0313|0|PlugAndPlay.Dal.QueryHandlers.KontaktQueryHandler|WARN|  Cannot convert value 1 for field a => Convert(a.PartnerId, Object) to Nullable`1 in Kontakt |url: https://matrica.hr/Kontakt?filter=partnerId(=)1|action: GetAll|GET 
2021-01-30 11:57:21.0377|0|PlugAndPlay.Dal.QueryHandlers.KontaktQueryHandler|WARN|  Cannot convert value 1 for field a => Convert(a.PartnerId, Object) to Nullable`1 in Kontakt |url: https://matrica.hr/Kontakt?filter=PartnerId(=)1|action: GetAll|GET 
2021-01-30 11:58:04.3164|0|PlugAndPlay.Dal.QueryHandlers.KontaktQueryHandler|WARN|  Cannot convert value 2 for field a => Convert(a.PartnerId, Object) to Nullable`1 in Kontakt |url: https://matrica.hr/Kontakt?filter=partnerId(=)2|action: GetAll|GET 
2021-01-30 12:02:49.3194|0|PlugAndPlay.Dal.QueryHandlers.KontaktQueryHandler|WARN|  Cannot convert value 1 for field a => Convert(a.KlijentId, Object) to Nullable`1 in Kontakt |url: https://matrica.hr/Kontakt?filter=klijentId(=)1|action: GetAll|GET 
2021-01-30 12:03:03.9880|0|PlugAndPlay.Dal.QueryHandlers.KontaktQueryHandler|WARN|  Cannot convert value 1 for field a => Convert(a.KlijentId, Object) to Nullable`1 in Kontakt |url: https://matrica.hr/Kontakt?filter=klijentId(=)1|action: GetAll|GET 
2021-01-30 12:03:31.1562|0|PlugAndPlay.Dal.QueryHandlers.KontaktQueryHandler|WARN|  Cannot convert value 1 for field a => Convert(a.KlijentId, Object) to Nullable`1 in Kontakt |url: https://matrica.hr/Kontakt?filter=klijentId(=)1|action: GetAll|GET 
2021-01-30 12:03:45.7964|0|PlugAndPlay.Dal.QueryHandlers.KontaktQueryHandler|WARN|  Cannot convert value 1 for field a => Convert(a.KlijentId, Object) to Nullable`1 in Kontakt |url: https://matrica.hr/Kontakt?filter=klijentId(=)1|action: GetAll|GET 
2021-01-30 12:06:29.8330|0|PlugAndPlay.WebApi.Program|DEBUG|  init main |url: ?|action: | 
2021-01-30 12:07:21.3990|0|PlugAndPlay.WebApi.Program|ERROR|  Stopped program because of exception Failed to bind to address http://0.0.0.0:4800: address already in use.|url: ?|action: | 
2021-01-30 12:07:55.7168|0|PlugAndPlay.WebApi.Program|DEBUG|  init main |url: ?|action: | 
2021-01-30 12:12:54.4576|0|PlugAndPlay.WebApi.Program|DEBUG|  init main |url: ?|action: | 
2021-01-30 12:14:24.0598|0|PlugAndPlay.WebApi.Program|DEBUG|  init main |url: ?|action: | 
2021-01-30 12:15:23.1666|0|PlugAndPlay.WebApi.Program|DEBUG|  init main |url: ?|action: | 
2021-01-30 12:15:57.5348|0|PlugAndPlay.WebApi.Program|DEBUG|  init main |url: ?|action: | 
2021-01-30 12:17:08.3042|0|PlugAndPlay.WebApi.Program|DEBUG|  init main |url: ?|action: | 
2021-01-30 12:18:29.3136|0|PlugAndPlay.WebApi.Program|DEBUG|  init main |url: ?|action: | 
